1681802696923@passenger@0xbf5868b482ace24aa4f339ceb26e32230fc7d3aa@StartProcessing
1681802699926@passenger@0x926f155822d00a9191fe71ec570bcd1f0eb0c300@StartProcessing
1681802700294@passenger@0xbf5868b482ace24aa4f339ceb26e32230fc7d3aa@StartingPointWrittenToContract
1681802701034@passenger@0x926f155822d00a9191fe71ec570bcd1f0eb0c300@StartingPointWrittenToContract
1681802701924@passenger@0xbf5868b482ace24aa4f339ceb26e32230fc7d3aa@DestinationWrittenToContract
1681802701928@passenger@0xbf5868b482ace24aa4f339ceb26e32230fc7d3aa@FoundIdleCarsNearby
1681802701981@passenger@0xbf5868b482ace24aa4f339ceb26e32230fc7d3aa@FoundTheMostNearbyCar
1681802702923@passenger@0xedb6f3a4a1ebc511f7fe9bd4f2cd4219ca0a3cf4@StartProcessing
1681802704185@passenger@0x926f155822d00a9191fe71ec570bcd1f0eb0c300@DestinationWrittenToContract
1681802704186@passenger@0x926f155822d00a9191fe71ec570bcd1f0eb0c300@FoundIdleCarsNearby
1681802704240@passenger@0x926f155822d00a9191fe71ec570bcd1f0eb0c300@FoundTheMostNearbyCar
1681802704369@passenger@0xbf5868b482ace24aa4f339ceb26e32230fc7d3aa@TheMostNearbyCarIsSelected
1681802704370@passenger@0xedb6f3a4a1ebc511f7fe9bd4f2cd4219ca0a3cf4@StartingPointWrittenToContract
1681802704832@passenger@0x926f155822d00a9191fe71ec570bcd1f0eb0c300@TheMostNearbyCarConflict
1681802705922@passenger@0xbd2f3e025a8f0b0d8bb9f64ef60980ebb27e8d5d@StartProcessing
1681802707358@passenger@0xedb6f3a4a1ebc511f7fe9bd4f2cd4219ca0a3cf4@DestinationWrittenToContract
1681802707358@passenger@0xbd2f3e025a8f0b0d8bb9f64ef60980ebb27e8d5d@StartingPointWrittenToContract
1681802707359@passenger@0xedb6f3a4a1ebc511f7fe9bd4f2cd4219ca0a3cf4@FoundIdleCarsNearby
1681802707426@passenger@0xedb6f3a4a1ebc511f7fe9bd4f2cd4219ca0a3cf4@FoundTheMostNearbyCar
1681802708922@passenger@0xabd6b57b7d198796947bc03e4f5bd911813caada@StartProcessing
1681802710875@passenger@0xbd2f3e025a8f0b0d8bb9f64ef60980ebb27e8d5d@DestinationWrittenToContract
1681802710875@passenger@0xabd6b57b7d198796947bc03e4f5bd911813caada@StartingPointWrittenToContract
1681802710876@passenger@0xedb6f3a4a1ebc511f7fe9bd4f2cd4219ca0a3cf4@TheMostNearbyCarIsSelected
1681802710877@passenger@0xbf5868b482ace24aa4f339ceb26e32230fc7d3aa@PassengerOnBoard
1681802710877@passenger@0xbd2f3e025a8f0b0d8bb9f64ef60980ebb27e8d5d@FoundIdleCarsNearby
1681802710942@passenger@0xbd2f3e025a8f0b0d8bb9f64ef60980ebb27e8d5d@FoundTheMostNearbyCar
1681802711931@passenger@0x62119c27e0081b14e6e0c596603d21eaa6d6452b@StartProcessing
1681802714686@passenger@0xbf5868b482ace24aa4f339ceb26e32230fc7d3aa@PassengerArriveAtDestination
1681802714688@passenger@0xbd2f3e025a8f0b0d8bb9f64ef60980ebb27e8d5d@TheMostNearbyCarIsSelected
1681802714689@passenger@0xabd6b57b7d198796947bc03e4f5bd911813caada@DestinationWrittenToContract
1681802714689@passenger@0x62119c27e0081b14e6e0c596603d21eaa6d6452b@StartingPointWrittenToContract
1681802714690@passenger@0xabd6b57b7d198796947bc03e4f5bd911813caada@FoundIdleCarsNearby
1681802714767@passenger@0xabd6b57b7d198796947bc03e4f5bd911813caada@FoundTheMostNearbyCar
1681802714922@passenger@0xc265c858c1186113b2d830e6f46f6d95142e9750@StartProcessing
1681802715641@passenger@0x62119c27e0081b14e6e0c596603d21eaa6d6452b@DestinationWrittenToContract
1681802715642@passenger@0xabd6b57b7d198796947bc03e4f5bd911813caada@TheMostNearbyCarIsSelected
1681802715643@passenger@0xbf5868b482ace24aa4f339ceb26e32230fc7d3aa@PassengerPaysAndGetsOff
1681802715644@passenger@0xedb6f3a4a1ebc511f7fe9bd4f2cd4219ca0a3cf4@PassengerOnBoard
1681802715644@passenger@0x62119c27e0081b14e6e0c596603d21eaa6d6452b@FoundIdleCarsNearby
1681802715714@passenger@0x62119c27e0081b14e6e0c596603d21eaa6d6452b@FoundTheMostNearbyCar
1681802715797@passenger@0xc265c858c1186113b2d830e6f46f6d95142e9750@StartingPointWrittenToContract
1681802717925@passenger@0x03875bcc0db199992266825e2c1cf0f5bfc200d2@StartProcessing
1681802718875@passenger@0x926f155822d00a9191fe71ec570bcd1f0eb0c300@FoundTheMostNearbyCar
1681802719675@passenger@0xedb6f3a4a1ebc511f7fe9bd4f2cd4219ca0a3cf4@PassengerArriveAtDestination
1681802719678@passenger@0xc265c858c1186113b2d830e6f46f6d95142e9750@DestinationWrittenToContract
1681802719678@passenger@0x03875bcc0db199992266825e2c1cf0f5bfc200d2@StartingPointWrittenToContract
1681802719680@passenger@0x62119c27e0081b14e6e0c596603d21eaa6d6452b@TheMostNearbyCarIsSelected
1681802719681@passenger@0xc265c858c1186113b2d830e6f46f6d95142e9750@FoundIdleCarsNearby
1681802719682@passenger@0xbd2f3e025a8f0b0d8bb9f64ef60980ebb27e8d5d@PassengerOnBoard
1681802719740@passenger@0xc265c858c1186113b2d830e6f46f6d95142e9750@FoundTheMostNearbyCar
1681802720312@passenger@0x926f155822d00a9191fe71ec570bcd1f0eb0c300@TheMostNearbyCarConflict
1681802720926@passenger@0xf0ce9fe96ac15405e4fd51a62cbdbdaef2d36372@StartProcessing
1681802722184@passenger@0x03875bcc0db199992266825e2c1cf0f5bfc200d2@DestinationWrittenToContract
1681802722186@passenger@0xedb6f3a4a1ebc511f7fe9bd4f2cd4219ca0a3cf4@PassengerPaysAndGetsOff
1681802722186@passenger@0xabd6b57b7d198796947bc03e4f5bd911813caada@PassengerOnBoard
1681802722187@passenger@0xc265c858c1186113b2d830e6f46f6d95142e9750@TheMostNearbyCarIsSelected
1681802722190@passenger@0x03875bcc0db199992266825e2c1cf0f5bfc200d2@FoundIdleCarsNearby
1681802722270@passenger@0x03875bcc0db199992266825e2c1cf0f5bfc200d2@FoundTheMostNearbyCar
1681802723081@passenger@0xbd2f3e025a8f0b0d8bb9f64ef60980ebb27e8d5d@PassengerArriveAtDestination
1681802723082@passenger@0xf0ce9fe96ac15405e4fd51a62cbdbdaef2d36372@StartingPointWrittenToContract
1681802723924@passenger@0x1bdf42d9a37b5b5c5a3bc09cadfade23d075791a@StartProcessing
1681802726786@passenger@0xabd6b57b7d198796947bc03e4f5bd911813caada@PassengerArriveAtDestination
1681802726787@passenger@0x62119c27e0081b14e6e0c596603d21eaa6d6452b@PassengerOnBoard
1681802726787@passenger@0x1bdf42d9a37b5b5c5a3bc09cadfade23d075791a@StartingPointWrittenToContract
1681802726788@passenger@0xf0ce9fe96ac15405e4fd51a62cbdbdaef2d36372@DestinationWrittenToContract
1681802726788@passenger@0x03875bcc0db199992266825e2c1cf0f5bfc200d2@TheMostNearbyCarIsSelected
1681802726789@passenger@0xbd2f3e025a8f0b0d8bb9f64ef60980ebb27e8d5d@PassengerPaysAndGetsOff
1681802726791@passenger@0xf0ce9fe96ac15405e4fd51a62cbdbdaef2d36372@FoundIdleCarsNearby
1681802726840@passenger@0xf0ce9fe96ac15405e4fd51a62cbdbdaef2d36372@FoundTheMostNearbyCar
1681802726922@passenger@0x3449a20e1b4700ffd4dd49f0fc14bcac44fee63c@StartProcessing
1681802729795@passenger@0x62119c27e0081b14e6e0c596603d21eaa6d6452b@PassengerArriveAtDestination
1681802729797@passenger@0x3449a20e1b4700ffd4dd49f0fc14bcac44fee63c@StartingPointWrittenToContract
1681802729797@passenger@0xc265c858c1186113b2d830e6f46f6d95142e9750@PassengerOnBoard
1681802729798@passenger@0x1bdf42d9a37b5b5c5a3bc09cadfade23d075791a@DestinationWrittenToContract
1681802729798@passenger@0xf0ce9fe96ac15405e4fd51a62cbdbdaef2d36372@TheMostNearbyCarIsSelected
1681802729799@passenger@0xabd6b57b7d198796947bc03e4f5bd911813caada@PassengerPaysAndGetsOff
1681802729800@passenger@0x1bdf42d9a37b5b5c5a3bc09cadfade23d075791a@FoundIdleCarsNearby
1681802729845@passenger@0x1bdf42d9a37b5b5c5a3bc09cadfade23d075791a@FoundTheMostNearbyCar
1681802729922@passenger@0xd2ed0cb17fd847c8aa8bc8e9ed3870481ede088b@StartProcessing
1681802732756@passenger@0xc265c858c1186113b2d830e6f46f6d95142e9750@PassengerArriveAtDestination
1681802732757@passenger@0xd2ed0cb17fd847c8aa8bc8e9ed3870481ede088b@StartingPointWrittenToContract
1681802732758@passenger@0x3449a20e1b4700ffd4dd49f0fc14bcac44fee63c@DestinationWrittenToContract
1681802732758@passenger@0x62119c27e0081b14e6e0c596603d21eaa6d6452b@PassengerPaysAndGetsOff
1681802732759@passenger@0x1bdf42d9a37b5b5c5a3bc09cadfade23d075791a@TheMostNearbyCarIsSelected
1681802732760@passenger@0x3449a20e1b4700ffd4dd49f0fc14bcac44fee63c@FoundIdleCarsNearby
1681802732761@passenger@0x03875bcc0db199992266825e2c1cf0f5bfc200d2@PassengerOnBoard
1681802732826@passenger@0x3449a20e1b4700ffd4dd49f0fc14bcac44fee63c@FoundTheMostNearbyCar
1681802732922@passenger@0x5227daf8db7c57d268979df21ba9ee9c93d26712@StartProcessing
1681802735925@passenger@0xb658cbd857f52f9705fbecf9b30cf827dd8c81a8@StartProcessing
1681802737203@passenger@0x03875bcc0db199992266825e2c1cf0f5bfc200d2@PassengerArriveAtDestination
1681802737206@passenger@0x5227daf8db7c57d268979df21ba9ee9c93d26712@StartingPointWrittenToContract
1681802737209@passenger@0xd2ed0cb17fd847c8aa8bc8e9ed3870481ede088b@DestinationWrittenToContract
1681802737210@passenger@0xc265c858c1186113b2d830e6f46f6d95142e9750@PassengerPaysAndGetsOff
1681802737210@passenger@0xf0ce9fe96ac15405e4fd51a62cbdbdaef2d36372@PassengerOnBoard
1681802737212@passenger@0x3449a20e1b4700ffd4dd49f0fc14bcac44fee63c@TheMostNearbyCarIsSelected
1681802737213@passenger@0xd2ed0cb17fd847c8aa8bc8e9ed3870481ede088b@FoundIdleCarsNearby
1681802737291@passenger@0xd2ed0cb17fd847c8aa8bc8e9ed3870481ede088b@FoundTheMostNearbyCar
1681802738355@passenger@0x926f155822d00a9191fe71ec570bcd1f0eb0c300@FoundTheMostNearbyCar
1681802738757@passenger@0xb658cbd857f52f9705fbecf9b30cf827dd8c81a8@StartingPointWrittenToContract
1681802738917@passenger@0xf0ce9fe96ac15405e4fd51a62cbdbdaef2d36372@PassengerArriveAtDestination
1681802738918@passenger@0x5227daf8db7c57d268979df21ba9ee9c93d26712@DestinationWrittenToContract
1681802738919@passenger@0x03875bcc0db199992266825e2c1cf0f5bfc200d2@PassengerPaysAndGetsOff
1681802738919@passenger@0xd2ed0cb17fd847c8aa8bc8e9ed3870481ede088b@TheMostNearbyCarIsSelected
1681802738920@passenger@0x1bdf42d9a37b5b5c5a3bc09cadfade23d075791a@PassengerOnBoard
1681802738920@passenger@0xb658cbd857f52f9705fbecf9b30cf827dd8c81a8@DestinationWrittenToContract
1681802738920@passenger@0x5227daf8db7c57d268979df21ba9ee9c93d26712@FoundIdleCarsNearby
1681802738921@passenger@0x926f155822d00a9191fe71ec570bcd1f0eb0c300@TheMostNearbyCarConflict
1681802738921@passenger@0x5895ef03d8c36b9a53b4f961cd1345ed0bd79fa3@StartProcessing
1681802738922@passenger@0xb658cbd857f52f9705fbecf9b30cf827dd8c81a8@FoundIdleCarsNearby
1681802738999@passenger@0xb658cbd857f52f9705fbecf9b30cf827dd8c81a8@FoundTheMostNearbyCar
1681802739030@passenger@0x5227daf8db7c57d268979df21ba9ee9c93d26712@FoundTheMostNearbyCar
1681802741925@passenger@0x4093777e3bf0a104ef5576011a965c58a206b69b@StartProcessing
1681802743900@passenger@0x1bdf42d9a37b5b5c5a3bc09cadfade23d075791a@PassengerArriveAtDestination
1681802743902@passenger@0xf0ce9fe96ac15405e4fd51a62cbdbdaef2d36372@PassengerPaysAndGetsOff
1681802743904@passenger@0x3449a20e1b4700ffd4dd49f0fc14bcac44fee63c@PassengerOnBoard
1681802743904@passenger@0x5895ef03d8c36b9a53b4f961cd1345ed0bd79fa3@StartingPointWrittenToContract
1681802743904@passenger@0x5227daf8db7c57d268979df21ba9ee9c93d26712@TheMostNearbyCarIsSelected
1681802743906@passenger@0xb658cbd857f52f9705fbecf9b30cf827dd8c81a8@TheMostNearbyCarConflict
1681802744852@passenger@0x4093777e3bf0a104ef5576011a965c58a206b69b@StartingPointWrittenToContract
1681802744923@passenger@0x7906b337632876b8050f55ee5b57228f02972fa3@StartProcessing
1681802745985@passenger@0x3449a20e1b4700ffd4dd49f0fc14bcac44fee63c@PassengerArriveAtDestination
1681802745988@passenger@0x5895ef03d8c36b9a53b4f961cd1345ed0bd79fa3@DestinationWrittenToContract
1681802745989@passenger@0x1bdf42d9a37b5b5c5a3bc09cadfade23d075791a@PassengerPaysAndGetsOff
1681802745994@passenger@0x5895ef03d8c36b9a53b4f961cd1345ed0bd79fa3@FoundIdleCarsNearby
1681802745995@passenger@0xd2ed0cb17fd847c8aa8bc8e9ed3870481ede088b@PassengerOnBoard
1681802746076@passenger@0x5895ef03d8c36b9a53b4f961cd1345ed0bd79fa3@FoundTheMostNearbyCar
1681802746326@passenger@0x7906b337632876b8050f55ee5b57228f02972fa3@StartingPointWrittenToContract
1681802746326@passenger@0x4093777e3bf0a104ef5576011a965c58a206b69b@DestinationWrittenToContract
1681802746329@passenger@0x4093777e3bf0a104ef5576011a965c58a206b69b@FoundIdleCarsNearby
1681802746378@passenger@0x4093777e3bf0a104ef5576011a965c58a206b69b@FoundTheMostNearbyCar
1681802747924@passenger@0x3b49b8eb1d9d3c28242b97c135379e0e32468fb9@StartProcessing
1681802750623@passenger@0xd2ed0cb17fd847c8aa8bc8e9ed3870481ede088b@PassengerArriveAtDestination
1681802750626@passenger@0x4093777e3bf0a104ef5576011a965c58a206b69b@TheMostNearbyCarIsSelected
1681802750626@passenger@0x7906b337632876b8050f55ee5b57228f02972fa3@DestinationWrittenToContract
1681802750626@passenger@0x5895ef03d8c36b9a53b4f961cd1345ed0bd79fa3@TheMostNearbyCarConflict
1681802750627@passenger@0x5227daf8db7c57d268979df21ba9ee9c93d26712@PassengerOnBoard
1681802750627@passenger@0x3b49b8eb1d9d3c28242b97c135379e0e32468fb9@StartingPointWrittenToContract
1681802750627@passenger@0x3449a20e1b4700ffd4dd49f0fc14bcac44fee63c@PassengerPaysAndGetsOff
1681802750628@passenger@0x7906b337632876b8050f55ee5b57228f02972fa3@FoundIdleCarsNearby
1681802750697@passenger@0x7906b337632876b8050f55ee5b57228f02972fa3@FoundTheMostNearbyCar
1681802750922@passenger@0x1cdf2caf87fe659e3d2fb0d2482049d74375eca6@StartProcessing
1681802753922@passenger@0x00cbd2864b7c93822826f80a7c968a2ada1cbaa7@StartProcessing
1681802755535@passenger@0x5227daf8db7c57d268979df21ba9ee9c93d26712@PassengerArriveAtDestination
1681802755537@passenger@0x7906b337632876b8050f55ee5b57228f02972fa3@TheMostNearbyCarIsSelected
1681802755537@passenger@0x3b49b8eb1d9d3c28242b97c135379e0e32468fb9@DestinationWrittenToContract
1681802755537@passenger@0x1cdf2caf87fe659e3d2fb0d2482049d74375eca6@StartingPointWrittenToContract
1681802755538@passenger@0xd2ed0cb17fd847c8aa8bc8e9ed3870481ede088b@PassengerPaysAndGetsOff
1681802755538@passenger@0x00cbd2864b7c93822826f80a7c968a2ada1cbaa7@StartingPointWrittenToContract
1681802755539@passenger@0x3b49b8eb1d9d3c28242b97c135379e0e32468fb9@FoundIdleCarsNearby
1681802755595@passenger@0x3b49b8eb1d9d3c28242b97c135379e0e32468fb9@FoundTheMostNearbyCar
1681802756933@passenger@0x6667d6c8b9d92f20a6a8ffaae8aace0147bee999@StartProcessing
1681802757953@passenger@0xb658cbd857f52f9705fbecf9b30cf827dd8c81a8@FoundTheMostNearbyCar
1681802759926@passenger@0x98a7df3e665e83ed12f900bb0a9f7d2914808fa7@StartProcessing
1681802760324@passenger@0x4093777e3bf0a104ef5576011a965c58a206b69b@PassengerOnBoard
1681802760324@passenger@0x00cbd2864b7c93822826f80a7c968a2ada1cbaa7@DestinationWrittenToContract
1681802760325@passenger@0x1cdf2caf87fe659e3d2fb0d2482049d74375eca6@DestinationWrittenToContract
1681802760325@passenger@0x3b49b8eb1d9d3c28242b97c135379e0e32468fb9@TheMostNearbyCarIsSelected
1681802760326@passenger@0x6667d6c8b9d92f20a6a8ffaae8aace0147bee999@StartingPointWrittenToContract
1681802760326@passenger@0x5227daf8db7c57d268979df21ba9ee9c93d26712@PassengerPaysAndGetsOff
1681802760326@passenger@0x00cbd2864b7c93822826f80a7c968a2ada1cbaa7@FoundIdleCarsNearby
1681802760327@passenger@0x1cdf2caf87fe659e3d2fb0d2482049d74375eca6@FoundIdleCarsNearby
1681802760381@passenger@0x00cbd2864b7c93822826f80a7c968a2ada1cbaa7@FoundTheMostNearbyCar
1681802760409@passenger@0x1cdf2caf87fe659e3d2fb0d2482049d74375eca6@FoundTheMostNearbyCar
1681802760998@passenger@0x926f155822d00a9191fe71ec570bcd1f0eb0c300@FoundTheMostNearbyCar
1681802762923@passenger@0xcb1d4560f811ae161002ffadc4c834ecd1fa82ba@StartProcessing
1681802764670@passenger@0x5895ef03d8c36b9a53b4f961cd1345ed0bd79fa3@FoundTheMostNearbyCar
1681802765496@passenger@0x4093777e3bf0a104ef5576011a965c58a206b69b@PassengerArriveAtDestination
1681802765501@passenger@0x7906b337632876b8050f55ee5b57228f02972fa3@PassengerOnBoard
1681802765501@passenger@0x00cbd2864b7c93822826f80a7c968a2ada1cbaa7@TheMostNearbyCarIsSelected
1681802765502@passenger@0x6667d6c8b9d92f20a6a8ffaae8aace0147bee999@DestinationWrittenToContract
1681802765502@passenger@0x98a7df3e665e83ed12f900bb0a9f7d2914808fa7@StartingPointWrittenToContract
1681802765502@passenger@0xcb1d4560f811ae161002ffadc4c834ecd1fa82ba@StartingPointWrittenToContract
1681802765504@passenger@0xb658cbd857f52f9705fbecf9b30cf827dd8c81a8@TheMostNearbyCarConflict
1681802765504@passenger@0x926f155822d00a9191fe71ec570bcd1f0eb0c300@TheMostNearbyCarConflict
1681802765504@passenger@0x1cdf2caf87fe659e3d2fb0d2482049d74375eca6@TheMostNearbyCarConflict
1681802765505@passenger@0x6667d6c8b9d92f20a6a8ffaae8aace0147bee999@FoundIdleCarsNearby
1681802765580@passenger@0x6667d6c8b9d92f20a6a8ffaae8aace0147bee999@FoundTheMostNearbyCar
1681802765655@passenger@0x5895ef03d8c36b9a53b4f961cd1345ed0bd79fa3@TheMostNearbyCarConflict
1681802765922@passenger@0x3d79e4b740913678fcab6e490f4c273f3e7d6a89@StartProcessing
1681802768239@passenger@0x98a7df3e665e83ed12f900bb0a9f7d2914808fa7@DestinationWrittenToContract
1681802768240@passenger@0x3b49b8eb1d9d3c28242b97c135379e0e32468fb9@PassengerOnBoard
1681802768240@passenger@0x4093777e3bf0a104ef5576011a965c58a206b69b@PassengerPaysAndGetsOff
1681802768241@passenger@0x6667d6c8b9d92f20a6a8ffaae8aace0147bee999@TheMostNearbyCarIsSelected
1681802768241@passenger@0xcb1d4560f811ae161002ffadc4c834ecd1fa82ba@DestinationWrittenToContract
1681802768241@passenger@0x98a7df3e665e83ed12f900bb0a9f7d2914808fa7@FoundIdleCarsNearby
1681802768243@passenger@0xcb1d4560f811ae161002ffadc4c834ecd1fa82ba@FoundIdleCarsNearby
1681802768296@passenger@0x98a7df3e665e83ed12f900bb0a9f7d2914808fa7@FoundTheMostNearbyCar
1681802768314@passenger@0xcb1d4560f811ae161002ffadc4c834ecd1fa82ba@FoundTheMostNearbyCar
1681802768922@passenger@0xbcbc44f60dea618c7df6a08a3a9683ee138813ba@StartProcessing
1681802771082@passenger@0x7906b337632876b8050f55ee5b57228f02972fa3@PassengerArriveAtDestination
1681802771090@passenger@0x3d79e4b740913678fcab6e490f4c273f3e7d6a89@StartingPointWrittenToContract
1681802771923@passenger@0x1c230c5d5ae6b126d0d7fd8e8af3aa09905d2b4b@StartProcessing
1681802772361@passenger@0x3b49b8eb1d9d3c28242b97c135379e0e32468fb9@PassengerArriveAtDestination
1681802772361@passenger@0x98a7df3e665e83ed12f900bb0a9f7d2914808fa7@TheMostNearbyCarIsSelected
1681802772362@passenger@0xbcbc44f60dea618c7df6a08a3a9683ee138813ba@StartingPointWrittenToContract
1681802772363@passenger@0xcb1d4560f811ae161002ffadc4c834ecd1fa82ba@TheMostNearbyCarConflict
1681802772700@passenger@0x00cbd2864b7c93822826f80a7c968a2ada1cbaa7@PassengerOnBoard
1681802772701@passenger@0x3d79e4b740913678fcab6e490f4c273f3e7d6a89@DestinationWrittenToContract
1681802772701@passenger@0x1c230c5d5ae6b126d0d7fd8e8af3aa09905d2b4b@StartingPointWrittenToContract
1681802772701@passenger@0x7906b337632876b8050f55ee5b57228f02972fa3@PassengerPaysAndGetsOff
1681802772702@passenger@0x3d79e4b740913678fcab6e490f4c273f3e7d6a89@FoundIdleCarsNearby
1681802772776@passenger@0x3d79e4b740913678fcab6e490f4c273f3e7d6a89@FoundTheMostNearbyCar
1681802773511@passenger@0xbcbc44f60dea618c7df6a08a3a9683ee138813ba@DestinationWrittenToContract
1681802773514@passenger@0x6667d6c8b9d92f20a6a8ffaae8aace0147bee999@PassengerOnBoard
1681802773514@passenger@0x3b49b8eb1d9d3c28242b97c135379e0e32468fb9@PassengerPaysAndGetsOff
1681802773515@passenger@0xbcbc44f60dea618c7df6a08a3a9683ee138813ba@FoundIdleCarsNearby
1681802773555@passenger@0xbcbc44f60dea618c7df6a08a3a9683ee138813ba@FoundTheMostNearbyCar
1681802773953@passenger@0x00cbd2864b7c93822826f80a7c968a2ada1cbaa7@PassengerArriveAtDestination
1681802773954@passenger@0x3d79e4b740913678fcab6e490f4c273f3e7d6a89@TheMostNearbyCarIsSelected
1681802773955@passenger@0x1c230c5d5ae6b126d0d7fd8e8af3aa09905d2b4b@DestinationWrittenToContract
1681802773955@passenger@0x1c230c5d5ae6b126d0d7fd8e8af3aa09905d2b4b@FoundIdleCarsNearby
1681802774013@passenger@0x1c230c5d5ae6b126d0d7fd8e8af3aa09905d2b4b@FoundTheMostNearbyCar
1681802774935@passenger@0x075c06e40ff4067d3f9d765719555f06532bb170@StartProcessing
1681802777928@passenger@0xbb9fdf370e08bb5dee6f39ea440de18f01cdb1c8@StartProcessing
1681802779427@passenger@0x6667d6c8b9d92f20a6a8ffaae8aace0147bee999@PassengerArriveAtDestination
1681802779429@passenger@0x1c230c5d5ae6b126d0d7fd8e8af3aa09905d2b4b@TheMostNearbyCarIsSelected
1681802779430@passenger@0x00cbd2864b7c93822826f80a7c968a2ada1cbaa7@PassengerPaysAndGetsOff
1681802779430@passenger@0xbcbc44f60dea618c7df6a08a3a9683ee138813ba@TheMostNearbyCarConflict
1681802779431@passenger@0x075c06e40ff4067d3f9d765719555f06532bb170@StartingPointWrittenToContract
1681802779432@passenger@0x98a7df3e665e83ed12f900bb0a9f7d2914808fa7@PassengerOnBoard
1681802779559@passenger@0x1cdf2caf87fe659e3d2fb0d2482049d74375eca6@FoundTheMostNearbyCar
1681802780922@passenger@0xed04389fb476cbfb0737477e9aa3a509404917cf@StartProcessing
1681802781764@passenger@0xbb9fdf370e08bb5dee6f39ea440de18f01cdb1c8@StartingPointWrittenToContract
1681802782077@passenger@0x98a7df3e665e83ed12f900bb0a9f7d2914808fa7@PassengerArriveAtDestination
1681802782080@passenger@0xed04389fb476cbfb0737477e9aa3a509404917cf@StartingPointWrittenToContract
1681802782080@passenger@0x6667d6c8b9d92f20a6a8ffaae8aace0147bee999@PassengerPaysAndGetsOff
1681802782081@passenger@0x075c06e40ff4067d3f9d765719555f06532bb170@DestinationWrittenToContract
1681802782081@passenger@0x1cdf2caf87fe659e3d2fb0d2482049d74375eca6@TheMostNearbyCarIsSelected
1681802782082@passenger@0x3d79e4b740913678fcab6e490f4c273f3e7d6a89@PassengerOnBoard
1681802782082@passenger@0x075c06e40ff4067d3f9d765719555f06532bb170@FoundIdleCarsNearby
1681802782154@passenger@0x075c06e40ff4067d3f9d765719555f06532bb170@FoundTheMostNearbyCar
1681802783126@passenger@0xbb9fdf370e08bb5dee6f39ea440de18f01cdb1c8@DestinationWrittenToContract
1681802783127@passenger@0xbb9fdf370e08bb5dee6f39ea440de18f01cdb1c8@FoundIdleCarsNearby
1681802783183@passenger@0xbb9fdf370e08bb5dee6f39ea440de18f01cdb1c8@FoundTheMostNearbyCar
1681802783548@passenger@0xb658cbd857f52f9705fbecf9b30cf827dd8c81a8@FoundTheMostNearbyCar
1681802783696@passenger@0x5895ef03d8c36b9a53b4f961cd1345ed0bd79fa3@FoundTheMostNearbyCar
1681802783923@passenger@0x54dd0a733e1c1ae9ea5ddab64c5f3922daec1ddf@StartProcessing
1681802785108@passenger@0x3d79e4b740913678fcab6e490f4c273f3e7d6a89@PassengerArriveAtDestination
1681802785129@passenger@0x1c230c5d5ae6b126d0d7fd8e8af3aa09905d2b4b@PassengerOnBoard
1681802785129@passenger@0x98a7df3e665e83ed12f900bb0a9f7d2914808fa7@PassengerPaysAndGetsOff
1681802785130@passenger@0x075c06e40ff4067d3f9d765719555f06532bb170@TheMostNearbyCarIsSelected
1681802785131@passenger@0xed04389fb476cbfb0737477e9aa3a509404917cf@DestinationWrittenToContract
1681802785132@passenger@0xed04389fb476cbfb0737477e9aa3a509404917cf@FoundIdleCarsNearby
1681802785189@passenger@0xed04389fb476cbfb0737477e9aa3a509404917cf@FoundTheMostNearbyCar
1681802786397@passenger@0xcb1d4560f811ae161002ffadc4c834ecd1fa82ba@FoundTheMostNearbyCar
1681802786924@passenger@0xd93f7bbe87e0986efca3dedc91880635a0f355d9@StartProcessing
1681802789922@passenger@0x781b6d4d069a201ca8dc1542684edffd1b79c025@StartProcessing
1681802791539@passenger@0x926f155822d00a9191fe71ec570bcd1f0eb0c300@FoundTheMostNearbyCar
1681802792307@passenger@0x1c230c5d5ae6b126d0d7fd8e8af3aa09905d2b4b@PassengerArriveAtDestination
1681802792313@passenger@0x3d79e4b740913678fcab6e490f4c273f3e7d6a89@PassengerPaysAndGetsOff
1681802792315@passenger@0x54dd0a733e1c1ae9ea5ddab64c5f3922daec1ddf@StartingPointWrittenToContract
1681802792316@passenger@0x781b6d4d069a201ca8dc1542684edffd1b79c025@StartingPointWrittenToContract
1681802792317@passenger@0xd93f7bbe87e0986efca3dedc91880635a0f355d9@StartingPointWrittenToContract
1681802792317@passenger@0xb658cbd857f52f9705fbecf9b30cf827dd8c81a8@TheMostNearbyCarConflict
1681802792318@passenger@0xcb1d4560f811ae161002ffadc4c834ecd1fa82ba@TheMostNearbyCarConflict
1681802792318@passenger@0xbb9fdf370e08bb5dee6f39ea440de18f01cdb1c8@TheMostNearbyCarConflict
1681802792318@passenger@0xed04389fb476cbfb0737477e9aa3a509404917cf@TheMostNearbyCarIsSelected
1681802792320@passenger@0x5895ef03d8c36b9a53b4f961cd1345ed0bd79fa3@TheMostNearbyCarConflict
1681802792323@passenger@0x1cdf2caf87fe659e3d2fb0d2482049d74375eca6@PassengerOnBoard
1681802792923@passenger@0x05d6ca3c365ab26983bfca03809309a8258e3f62@StartProcessing
1681802793230@passenger@0x926f155822d00a9191fe71ec570bcd1f0eb0c300@TheMostNearbyCarConflict
1681802793322@passenger@0x1cdf2caf87fe659e3d2fb0d2482049d74375eca6@PassengerArriveAtDestination
1681802793324@passenger@0x05d6ca3c365ab26983bfca03809309a8258e3f62@StartingPointWrittenToContract
1681802793325@passenger@0x781b6d4d069a201ca8dc1542684edffd1b79c025@DestinationWrittenToContract
1681802793325@passenger@0x1c230c5d5ae6b126d0d7fd8e8af3aa09905d2b4b@PassengerPaysAndGetsOff
1681802793325@passenger@0xd93f7bbe87e0986efca3dedc91880635a0f355d9@DestinationWrittenToContract
1681802793325@passenger@0x075c06e40ff4067d3f9d765719555f06532bb170@PassengerOnBoard
1681802793325@passenger@0x54dd0a733e1c1ae9ea5ddab64c5f3922daec1ddf@DestinationWrittenToContract
1681802793326@passenger@0x781b6d4d069a201ca8dc1542684edffd1b79c025@FoundIdleCarsNearby
1681802793327@passenger@0x54dd0a733e1c1ae9ea5ddab64c5f3922daec1ddf@FoundIdleCarsNearby
1681802793327@passenger@0xd93f7bbe87e0986efca3dedc91880635a0f355d9@FoundIdleCarsNearby
1681802793367@passenger@0x54dd0a733e1c1ae9ea5ddab64c5f3922daec1ddf@FoundTheMostNearbyCar
1681802793380@passenger@0xd93f7bbe87e0986efca3dedc91880635a0f355d9@FoundTheMostNearbyCar
1681802793389@passenger@0x781b6d4d069a201ca8dc1542684edffd1b79c025@FoundTheMostNearbyCar
1681802793481@passenger@0xbcbc44f60dea618c7df6a08a3a9683ee138813ba@FoundTheMostNearbyCar
1681802795925@passenger@0x792e5531f6d360524e4dd3f1d17725edcc9b1dc1@StartProcessing
1681802796503@passenger@0x075c06e40ff4067d3f9d765719555f06532bb170@PassengerArriveAtDestination
1681802796508@passenger@0x05d6ca3c365ab26983bfca03809309a8258e3f62@DestinationWrittenToContract
1681802796508@passenger@0xed04389fb476cbfb0737477e9aa3a509404917cf@PassengerOnBoard
1681802796508@passenger@0x792e5531f6d360524e4dd3f1d17725edcc9b1dc1@StartingPointWrittenToContract
1681802796508@passenger@0x781b6d4d069a201ca8dc1542684edffd1b79c025@TheMostNearbyCarConflict
1681802796509@passenger@0x1cdf2caf87fe659e3d2fb0d2482049d74375eca6@PassengerPaysAndGetsOff
1681802796509@passenger@0xbcbc44f60dea618c7df6a08a3a9683ee138813ba@TheMostNearbyCarIsSelected
1681802796509@passenger@0xd93f7bbe87e0986efca3dedc91880635a0f355d9@TheMostNearbyCarConflict
1681802796509@passenger@0x54dd0a733e1c1ae9ea5ddab64c5f3922daec1ddf@TheMostNearbyCarConflict
1681802796509@passenger@0x05d6ca3c365ab26983bfca03809309a8258e3f62@FoundIdleCarsNearby
1681802796581@passenger@0x05d6ca3c365ab26983bfca03809309a8258e3f62@FoundTheMostNearbyCar
1681802796956@passenger@0x792e5531f6d360524e4dd3f1d17725edcc9b1dc1@DestinationWrittenToContract
1681802796956@passenger@0x05d6ca3c365ab26983bfca03809309a8258e3f62@TheMostNearbyCarIsSelected
1681802796956@passenger@0x075c06e40ff4067d3f9d765719555f06532bb170@PassengerPaysAndGetsOff
1681802796957@passenger@0x792e5531f6d360524e4dd3f1d17725edcc9b1dc1@FoundIdleCarsNearby
1681802797039@passenger@0x792e5531f6d360524e4dd3f1d17725edcc9b1dc1@FoundTheMostNearbyCar
1681802798924@passenger@0x086ba65affc894f226e87f8d16f20a35d4f60b4d@StartProcessing
1681802799530@passenger@0xed04389fb476cbfb0737477e9aa3a509404917cf@PassengerArriveAtDestination
1681802799531@passenger@0x086ba65affc894f226e87f8d16f20a35d4f60b4d@StartingPointWrittenToContract
1681802799532@passenger@0x792e5531f6d360524e4dd3f1d17725edcc9b1dc1@TheMostNearbyCarIsSelected
1681802800197@passenger@0xed04389fb476cbfb0737477e9aa3a509404917cf@PassengerPaysAndGetsOff
1681802800197@passenger@0xbcbc44f60dea618c7df6a08a3a9683ee138813ba@PassengerOnBoard
1681802800197@passenger@0x086ba65affc894f226e87f8d16f20a35d4f60b4d@DestinationWrittenToContract
1681802800197@passenger@0x05d6ca3c365ab26983bfca03809309a8258e3f62@PassengerOnBoard
1681802800199@passenger@0x086ba65affc894f226e87f8d16f20a35d4f60b4d@FoundIdleCarsNearby
1681802800263@passenger@0x086ba65affc894f226e87f8d16f20a35d4f60b4d@FoundTheMostNearbyCar
1681802801923@passenger@0x2702ee5633daab4d277f5660f1c29d3e5454f7b3@StartProcessing
1681802804913@passenger@0xbcbc44f60dea618c7df6a08a3a9683ee138813ba@PassengerArriveAtDestination
1681802804926@passenger@0x2888bd343cbbc9cb5469c7a3c52d51dff4350d97@StartProcessing
1681802804927@passenger@0x05d6ca3c365ab26983bfca03809309a8258e3f62@PassengerArriveAtDestination
1681802804928@passenger@0x086ba65affc894f226e87f8d16f20a35d4f60b4d@TheMostNearbyCarIsSelected
1681802804929@passenger@0x2702ee5633daab4d277f5660f1c29d3e5454f7b3@StartingPointWrittenToContract
1681802804929@passenger@0x792e5531f6d360524e4dd3f1d17725edcc9b1dc1@PassengerOnBoard
1681802806352@passenger@0xbb9fdf370e08bb5dee6f39ea440de18f01cdb1c8@FoundTheMostNearbyCar
1681802806624@passenger@0x2888bd343cbbc9cb5469c7a3c52d51dff4350d97@StartingPointWrittenToContract
1681802806625@passenger@0xbcbc44f60dea618c7df6a08a3a9683ee138813ba@PassengerPaysAndGetsOff
1681802806625@passenger@0x05d6ca3c365ab26983bfca03809309a8258e3f62@PassengerPaysAndGetsOff
1681802806625@passenger@0x2702ee5633daab4d277f5660f1c29d3e5454f7b3@DestinationWrittenToContract
1681802806626@passenger@0x2702ee5633daab4d277f5660f1c29d3e5454f7b3@FoundIdleCarsNearby
1681802806663@passenger@0x2702ee5633daab4d277f5660f1c29d3e5454f7b3@FoundTheMostNearbyCar
1681802807925@passenger@0x7a594ef9f871e4ef17c8d659aa58b3b09e090cf3@StartProcessing
1681802810214@passenger@0x792e5531f6d360524e4dd3f1d17725edcc9b1dc1@PassengerArriveAtDestination
1681802810218@passenger@0x2888bd343cbbc9cb5469c7a3c52d51dff4350d97@DestinationWrittenToContract
1681802810218@passenger@0x2702ee5633daab4d277f5660f1c29d3e5454f7b3@TheMostNearbyCarIsSelected
1681802810219@passenger@0x7a594ef9f871e4ef17c8d659aa58b3b09e090cf3@StartingPointWrittenToContract
1681802810219@passenger@0xbb9fdf370e08bb5dee6f39ea440de18f01cdb1c8@TheMostNearbyCarConflict
1681802810221@passenger@0x2888bd343cbbc9cb5469c7a3c52d51dff4350d97@FoundIdleCarsNearby
1681802810266@passenger@0x2888bd343cbbc9cb5469c7a3c52d51dff4350d97@FoundTheMostNearbyCar
1681802810369@passenger@0xcb1d4560f811ae161002ffadc4c834ecd1fa82ba@FoundTheMostNearbyCar
1681802810549@passenger@0xd93f7bbe87e0986efca3dedc91880635a0f355d9@FoundTheMostNearbyCar
1681802810581@passenger@0x54dd0a733e1c1ae9ea5ddab64c5f3922daec1ddf@FoundTheMostNearbyCar
1681802810583@passenger@0x781b6d4d069a201ca8dc1542684edffd1b79c025@FoundTheMostNearbyCar
1681802810922@passenger@0xb2e192f38247113c0a695a4da975771bfd32d68e@StartProcessing
1681802813925@passenger@0xe3cfc7fd117fa5762bfb5390acbdf48557a18ac2@StartProcessing
1681802814377@passenger@0x5895ef03d8c36b9a53b4f961cd1345ed0bd79fa3@FoundTheMostNearbyCar
1681802814379@passenger@0xb658cbd857f52f9705fbecf9b30cf827dd8c81a8@FoundTheMostNearbyCar
1681802815524@passenger@0x086ba65affc894f226e87f8d16f20a35d4f60b4d@PassengerOnBoard
1681802815524@passenger@0xb2e192f38247113c0a695a4da975771bfd32d68e@StartingPointWrittenToContract
1681802815526@passenger@0x792e5531f6d360524e4dd3f1d17725edcc9b1dc1@PassengerPaysAndGetsOff
1681802815527@passenger@0xcb1d4560f811ae161002ffadc4c834ecd1fa82ba@TheMostNearbyCarIsSelected
1681802815528@passenger@0x7a594ef9f871e4ef17c8d659aa58b3b09e090cf3@DestinationWrittenToContract
1681802815528@passenger@0x54dd0a733e1c1ae9ea5ddab64c5f3922daec1ddf@TheMostNearbyCarConflict
1681802815529@passenger@0xd93f7bbe87e0986efca3dedc91880635a0f355d9@TheMostNearbyCarConflict
1681802815530@passenger@0x2888bd343cbbc9cb5469c7a3c52d51dff4350d97@TheMostNearbyCarConflict
1681802815530@passenger@0x7a594ef9f871e4ef17c8d659aa58b3b09e090cf3@FoundIdleCarsNearby
1681802815530@passenger@0x781b6d4d069a201ca8dc1542684edffd1b79c025@TheMostNearbyCarConflict
1681802815585@passenger@0x7a594ef9f871e4ef17c8d659aa58b3b09e090cf3@FoundTheMostNearbyCar
1681802815925@passenger@0xe3cfc7fd117fa5762bfb5390acbdf48557a18ac2@StartingPointWrittenToContract
1681802815925@passenger@0xb658cbd857f52f9705fbecf9b30cf827dd8c81a8@TheMostNearbyCarConflict
1681802815928@passenger@0x5895ef03d8c36b9a53b4f961cd1345ed0bd79fa3@TheMostNearbyCarConflict
1681802816131@passenger@0x7a594ef9f871e4ef17c8d659aa58b3b09e090cf3@TheMostNearbyCarIsSelected
1681802816131@passenger@0xb2e192f38247113c0a695a4da975771bfd32d68e@DestinationWrittenToContract
1681802816132@passenger@0x2702ee5633daab4d277f5660f1c29d3e5454f7b3@PassengerOnBoard
1681802816133@passenger@0xb2e192f38247113c0a695a4da975771bfd32d68e@FoundIdleCarsNearby
1681802816176@passenger@0xb2e192f38247113c0a695a4da975771bfd32d68e@FoundTheMostNearbyCar
1681802816923@passenger@0xa97253e4fe217e80b5f2e995bd54904f63726719@StartProcessing
1681802819347@passenger@0x086ba65affc894f226e87f8d16f20a35d4f60b4d@PassengerArriveAtDestination
1681802819349@passenger@0x2702ee5633daab4d277f5660f1c29d3e5454f7b3@PassengerArriveAtDestination
1681802819352@passenger@0xb2e192f38247113c0a695a4da975771bfd32d68e@TheMostNearbyCarIsSelected
1681802819353@passenger@0xe3cfc7fd117fa5762bfb5390acbdf48557a18ac2@DestinationWrittenToContract
1681802819353@passenger@0xa97253e4fe217e80b5f2e995bd54904f63726719@StartingPointWrittenToContract
1681802819354@passenger@0xe3cfc7fd117fa5762bfb5390acbdf48557a18ac2@FoundIdleCarsNearby
1681802819421@passenger@0xe3cfc7fd117fa5762bfb5390acbdf48557a18ac2@FoundTheMostNearbyCar
1681802819925@passenger@0xce2897c392e16c5762131a56686733e035a4aa30@StartProcessing
1681802822530@passenger@0x2702ee5633daab4d277f5660f1c29d3e5454f7b3@PassengerPaysAndGetsOff
1681802822530@passenger@0xa97253e4fe217e80b5f2e995bd54904f63726719@DestinationWrittenToContract
1681802822531@passenger@0x7a594ef9f871e4ef17c8d659aa58b3b09e090cf3@PassengerOnBoard
1681802822531@passenger@0x086ba65affc894f226e87f8d16f20a35d4f60b4d@PassengerPaysAndGetsOff
1681802822532@passenger@0xcb1d4560f811ae161002ffadc4c834ecd1fa82ba@PassengerOnBoard
1681802822532@passenger@0xe3cfc7fd117fa5762bfb5390acbdf48557a18ac2@TheMostNearbyCarIsSelected
1681802822532@passenger@0xa97253e4fe217e80b5f2e995bd54904f63726719@FoundIdleCarsNearby
1681802822533@passenger@0xce2897c392e16c5762131a56686733e035a4aa30@StartingPointWrittenToContract
1681802822595@passenger@0xa97253e4fe217e80b5f2e995bd54904f63726719@FoundTheMostNearbyCar
1681802822924@passenger@0x441d24425b99411edd0ecf95501cb0db988e2f13@StartProcessing
1681802823307@passenger@0x926f155822d00a9191fe71ec570bcd1f0eb0c300@FoundTheMostNearbyCar
1681802825926@passenger@0xf5493c66a2f85637127510a53b6cd0b067936b51@StartProcessing
1681802828264@passenger@0xbb9fdf370e08bb5dee6f39ea440de18f01cdb1c8@FoundTheMostNearbyCar
1681802828923@passenger@0xcd924d3e8e043bb9579a4033ab08f8c1404840f0@StartProcessing
1681802828947@passenger@0x7a594ef9f871e4ef17c8d659aa58b3b09e090cf3@PassengerArriveAtDestination
1681802828948@passenger@0xcb1d4560f811ae161002ffadc4c834ecd1fa82ba@PassengerArriveAtDestination
1681802828951@passenger@0x441d24425b99411edd0ecf95501cb0db988e2f13@StartingPointWrittenToContract
1681802828952@passenger@0xf5493c66a2f85637127510a53b6cd0b067936b51@StartingPointWrittenToContract
1681802828952@passenger@0xbb9fdf370e08bb5dee6f39ea440de18f01cdb1c8@TheMostNearbyCarConflict
1681802828953@passenger@0xce2897c392e16c5762131a56686733e035a4aa30@DestinationWrittenToContract
1681802828953@passenger@0xb2e192f38247113c0a695a4da975771bfd32d68e@PassengerOnBoard
1681802828953@passenger@0xa97253e4fe217e80b5f2e995bd54904f63726719@TheMostNearbyCarConflict
1681802828958@passenger@0x926f155822d00a9191fe71ec570bcd1f0eb0c300@TheMostNearbyCarIsSelected
1681802828959@passenger@0xce2897c392e16c5762131a56686733e035a4aa30@FoundIdleCarsNearby
1681802829004@passenger@0xce2897c392e16c5762131a56686733e035a4aa30@FoundTheMostNearbyCar
1681802829567@passenger@0x2888bd343cbbc9cb5469c7a3c52d51dff4350d97@FoundTheMostNearbyCar
1681802830222@passenger@0xcd924d3e8e043bb9579a4033ab08f8c1404840f0@StartingPointWrittenToContract
1681802830549@passenger@0xcb1d4560f811ae161002ffadc4c834ecd1fa82ba@PassengerPaysAndGetsOff
1681802830549@passenger@0xe3cfc7fd117fa5762bfb5390acbdf48557a18ac2@PassengerOnBoard
1681802830549@passenger@0x441d24425b99411edd0ecf95501cb0db988e2f13@DestinationWrittenToContract
1681802830549@passenger@0x7a594ef9f871e4ef17c8d659aa58b3b09e090cf3@PassengerPaysAndGetsOff
1681802830549@passenger@0x2888bd343cbbc9cb5469c7a3c52d51dff4350d97@TheMostNearbyCarIsSelected
1681802830550@passenger@0xf5493c66a2f85637127510a53b6cd0b067936b51@DestinationWrittenToContract
1681802830550@passenger@0xb2e192f38247113c0a695a4da975771bfd32d68e@PassengerArriveAtDestination
1681802830550@passenger@0xce2897c392e16c5762131a56686733e035a4aa30@TheMostNearbyCarConflict
1681802830551@passenger@0x441d24425b99411edd0ecf95501cb0db988e2f13@FoundIdleCarsNearby
1681802830552@passenger@0xf5493c66a2f85637127510a53b6cd0b067936b51@FoundIdleCarsNearby
1681802830616@passenger@0xf5493c66a2f85637127510a53b6cd0b067936b51@FoundTheMostNearbyCar
1681802830647@passenger@0x441d24425b99411edd0ecf95501cb0db988e2f13@FoundTheMostNearbyCar
1681802831925@passenger@0xf85378de486a9514f26f3118450ff6409aaf2bfb@StartProcessing
1681802833584@passenger@0x54dd0a733e1c1ae9ea5ddab64c5f3922daec1ddf@FoundTheMostNearbyCar
1681802833587@passenger@0xd93f7bbe87e0986efca3dedc91880635a0f355d9@FoundTheMostNearbyCar
1681802833594@passenger@0x781b6d4d069a201ca8dc1542684edffd1b79c025@FoundTheMostNearbyCar
1681802834925@passenger@0x2a52bc09f527f500c7fc62c63f681d24dad62a77@StartProcessing
1681802837926@passenger@0x0c05c7ae6e3a58c23e5d27fc1d121ed1aec0f738@StartProcessing
1681802838487@passenger@0xe3cfc7fd117fa5762bfb5390acbdf48557a18ac2@PassengerArriveAtDestination
1681802838501@passenger@0xf85378de486a9514f26f3118450ff6409aaf2bfb@StartingPointWrittenToContract
1681802838501@passenger@0xb2e192f38247113c0a695a4da975771bfd32d68e@PassengerPaysAndGetsOff
1681802838502@passenger@0xcd924d3e8e043bb9579a4033ab08f8c1404840f0@DestinationWrittenToContract
1681802838506@passenger@0x926f155822d00a9191fe71ec570bcd1f0eb0c300@PassengerOnBoard
1681802838506@passenger@0x54dd0a733e1c1ae9ea5ddab64c5f3922daec1ddf@TheMostNearbyCarIsSelected
1681802838514@passenger@0x2a52bc09f527f500c7fc62c63f681d24dad62a77@StartingPointWrittenToContract
1681802838515@passenger@0x781b6d4d069a201ca8dc1542684edffd1b79c025@TheMostNearbyCarConflict
1681802838516@passenger@0xd93f7bbe87e0986efca3dedc91880635a0f355d9@TheMostNearbyCarConflict
1681802838516@passenger@0x441d24425b99411edd0ecf95501cb0db988e2f13@TheMostNearbyCarConflict
1681802838516@passenger@0xf5493c66a2f85637127510a53b6cd0b067936b51@TheMostNearbyCarConflict
1681802838517@passenger@0xcd924d3e8e043bb9579a4033ab08f8c1404840f0@FoundIdleCarsNearby
1681802838571@passenger@0xcd924d3e8e043bb9579a4033ab08f8c1404840f0@FoundTheMostNearbyCar
1681802838755@passenger@0x0c05c7ae6e3a58c23e5d27fc1d121ed1aec0f738@StartingPointWrittenToContract
1681802839634@passenger@0xf85378de486a9514f26f3118450ff6409aaf2bfb@DestinationWrittenToContract
1681802839635@passenger@0xcd924d3e8e043bb9579a4033ab08f8c1404840f0@TheMostNearbyCarIsSelected
1681802839636@passenger@0x2a52bc09f527f500c7fc62c63f681d24dad62a77@DestinationWrittenToContract
1681802839636@passenger@0x2888bd343cbbc9cb5469c7a3c52d51dff4350d97@PassengerOnBoard
1681802839637@passenger@0xe3cfc7fd117fa5762bfb5390acbdf48557a18ac2@PassengerPaysAndGetsOff
1681802839637@passenger@0xf85378de486a9514f26f3118450ff6409aaf2bfb@FoundIdleCarsNearby
1681802839637@passenger@0x2a52bc09f527f500c7fc62c63f681d24dad62a77@FoundIdleCarsNearby
1681802839699@passenger@0x2a52bc09f527f500c7fc62c63f681d24dad62a77@FoundTheMostNearbyCar
1681802839724@passenger@0xf85378de486a9514f26f3118450ff6409aaf2bfb@FoundTheMostNearbyCar
1681802840183@passenger@0x926f155822d00a9191fe71ec570bcd1f0eb0c300@PassengerArriveAtDestination
1681802840186@passenger@0x0c05c7ae6e3a58c23e5d27fc1d121ed1aec0f738@DestinationWrittenToContract
1681802840187@passenger@0x0c05c7ae6e3a58c23e5d27fc1d121ed1aec0f738@FoundIdleCarsNearby
1681802840261@passenger@0x0c05c7ae6e3a58c23e5d27fc1d121ed1aec0f738@FoundTheMostNearbyCar
1681802840501@passenger@0x2a52bc09f527f500c7fc62c63f681d24dad62a77@TheMostNearbyCarIsSelected
1681802840504@passenger@0xf85378de486a9514f26f3118450ff6409aaf2bfb@TheMostNearbyCarConflict
1681802840924@passenger@0x7776ed3449f97157630b06035e11bc7759e4f0db@StartProcessing
1681802841964@passenger@0xb658cbd857f52f9705fbecf9b30cf827dd8c81a8@FoundTheMostNearbyCar
1681802841965@passenger@0x5895ef03d8c36b9a53b4f961cd1345ed0bd79fa3@FoundTheMostNearbyCar
1681802842991@passenger@0xa97253e4fe217e80b5f2e995bd54904f63726719@FoundTheMostNearbyCar
1681802843314@passenger@0x2888bd343cbbc9cb5469c7a3c52d51dff4350d97@PassengerArriveAtDestination
1681802843333@passenger@0xb658cbd857f52f9705fbecf9b30cf827dd8c81a8@TheMostNearbyCarIsSelected
1681802843334@passenger@0x7776ed3449f97157630b06035e11bc7759e4f0db@StartingPointWrittenToContract
1681802843335@passenger@0x926f155822d00a9191fe71ec570bcd1f0eb0c300@PassengerPaysAndGetsOff
1681802843338@passenger@0x54dd0a733e1c1ae9ea5ddab64c5f3922daec1ddf@PassengerOnBoard
1681802843339@passenger@0x5895ef03d8c36b9a53b4f961cd1345ed0bd79fa3@TheMostNearbyCarConflict
1681802843341@passenger@0x0c05c7ae6e3a58c23e5d27fc1d121ed1aec0f738@TheMostNearbyCarConflict
1681802843924@passenger@0xd30d093abb9d34fb14917d07121ed6a61cb1f99e@StartProcessing
1681802844596@passenger@0xce2897c392e16c5762131a56686733e035a4aa30@FoundTheMostNearbyCar
1681802844974@passenger@0xa97253e4fe217e80b5f2e995bd54904f63726719@TheMostNearbyCarConflict
1681802846925@passenger@0x7b11919cd9db9a817c8f9d2e9477f410273a3ceb@StartProcessing
1681802846983@passenger@0x54dd0a733e1c1ae9ea5ddab64c5f3922daec1ddf@PassengerArriveAtDestination
1681802846990@passenger@0x2a52bc09f527f500c7fc62c63f681d24dad62a77@PassengerOnBoard
1681802846991@passenger@0xcd924d3e8e043bb9579a4033ab08f8c1404840f0@PassengerOnBoard
1681802846992@passenger@0xce2897c392e16c5762131a56686733e035a4aa30@TheMostNearbyCarIsSelected
1681802846993@passenger@0x7776ed3449f97157630b06035e11bc7759e4f0db@DestinationWrittenToContract
1681802846993@passenger@0x2888bd343cbbc9cb5469c7a3c52d51dff4350d97@PassengerPaysAndGetsOff
1681802846993@passenger@0xd30d093abb9d34fb14917d07121ed6a61cb1f99e@StartingPointWrittenToContract
1681802846996@passenger@0x7776ed3449f97157630b06035e11bc7759e4f0db@FoundIdleCarsNearby
1681802847082@passenger@0x7776ed3449f97157630b06035e11bc7759e4f0db@FoundTheMostNearbyCar
1681802847405@passenger@0x7b11919cd9db9a817c8f9d2e9477f410273a3ceb@StartingPointWrittenToContract
1681802849925@passenger@0x3c28dc70332560ed17d1002704780df9df497abb@StartProcessing
1681802850998@passenger@0xbb9fdf370e08bb5dee6f39ea440de18f01cdb1c8@FoundTheMostNearbyCar
1681802852185@passenger@0xb658cbd857f52f9705fbecf9b30cf827dd8c81a8@PassengerOnBoard
1681802852186@passenger@0xd30d093abb9d34fb14917d07121ed6a61cb1f99e@DestinationWrittenToContract
1681802852186@passenger@0x7776ed3449f97157630b06035e11bc7759e4f0db@TheMostNearbyCarIsSelected
1681802852187@passenger@0x54dd0a733e1c1ae9ea5ddab64c5f3922daec1ddf@PassengerPaysAndGetsOff
1681802852188@passenger@0x7b11919cd9db9a817c8f9d2e9477f410273a3ceb@DestinationWrittenToContract
1681802852188@passenger@0x3c28dc70332560ed17d1002704780df9df497abb@StartingPointWrittenToContract
1681802852188@passenger@0x2a52bc09f527f500c7fc62c63f681d24dad62a77@PassengerArriveAtDestination
1681802852189@passenger@0xcd924d3e8e043bb9579a4033ab08f8c1404840f0@PassengerArriveAtDestination
1681802852214@passenger@0xd30d093abb9d34fb14917d07121ed6a61cb1f99e@FoundIdleCarsNearby
1681802852224@passenger@0x7b11919cd9db9a817c8f9d2e9477f410273a3ceb@FoundIdleCarsNearby
1681802852279@passenger@0xd30d093abb9d34fb14917d07121ed6a61cb1f99e@FoundTheMostNearbyCar
1681802852308@passenger@0x7b11919cd9db9a817c8f9d2e9477f410273a3ceb@FoundTheMostNearbyCar
1681802852556@passenger@0xf5493c66a2f85637127510a53b6cd0b067936b51@FoundTheMostNearbyCar
1681802852561@passenger@0x441d24425b99411edd0ecf95501cb0db988e2f13@FoundTheMostNearbyCar
1681802852923@passenger@0xeef75753e18f97f0ee8a61119d84cdba23d22a7f@StartProcessing
1681802854538@passenger@0xf85378de486a9514f26f3118450ff6409aaf2bfb@FoundTheMostNearbyCar
1681802855141@passenger@0xbb9fdf370e08bb5dee6f39ea440de18f01cdb1c8@TheMostNearbyCarConflict
1681802855278@passenger@0xb658cbd857f52f9705fbecf9b30cf827dd8c81a8@PassengerArriveAtDestination
1681802855283@passenger@0x3c28dc70332560ed17d1002704780df9df497abb@DestinationWrittenToContract
1681802855283@passenger@0xf85378de486a9514f26f3118450ff6409aaf2bfb@TheMostNearbyCarIsSelected
1681802855283@passenger@0xeef75753e18f97f0ee8a61119d84cdba23d22a7f@StartingPointWrittenToContract
1681802855283@passenger@0xcd924d3e8e043bb9579a4033ab08f8c1404840f0@PassengerPaysAndGetsOff
1681802855284@passenger@0xce2897c392e16c5762131a56686733e035a4aa30@PassengerOnBoard
1681802855284@passenger@0xf5493c66a2f85637127510a53b6cd0b067936b51@TheMostNearbyCarConflict
1681802855284@passenger@0xd30d093abb9d34fb14917d07121ed6a61cb1f99e@TheMostNearbyCarConflict
1681802855284@passenger@0x3c28dc70332560ed17d1002704780df9df497abb@FoundIdleCarsNearby
1681802855284@passenger@0x7b11919cd9db9a817c8f9d2e9477f410273a3ceb@TheMostNearbyCarConflict
1681802855284@passenger@0x441d24425b99411edd0ecf95501cb0db988e2f13@TheMostNearbyCarConflict
1681802855288@passenger@0x2a52bc09f527f500c7fc62c63f681d24dad62a77@PassengerPaysAndGetsOff
1681802855333@passenger@0x3c28dc70332560ed17d1002704780df9df497abb@FoundTheMostNearbyCar
1681802855924@passenger@0x2a772e261792d208c40d685b31673a85ad18eb90@StartProcessing
1681802856789@passenger@0xce2897c392e16c5762131a56686733e035a4aa30@PassengerArriveAtDestination
1681802856793@passenger@0xb658cbd857f52f9705fbecf9b30cf827dd8c81a8@PassengerPaysAndGetsOff
1681802856793@passenger@0x3c28dc70332560ed17d1002704780df9df497abb@TheMostNearbyCarIsSelected
1681802856794@passenger@0xeef75753e18f97f0ee8a61119d84cdba23d22a7f@DestinationWrittenToContract
1681802856794@passenger@0x7776ed3449f97157630b06035e11bc7759e4f0db@PassengerOnBoard
1681802856794@passenger@0x2a772e261792d208c40d685b31673a85ad18eb90@StartingPointWrittenToContract
1681802856794@passenger@0xeef75753e18f97f0ee8a61119d84cdba23d22a7f@FoundIdleCarsNearby
1681802856833@passenger@0xeef75753e18f97f0ee8a61119d84cdba23d22a7f@FoundTheMostNearbyCar
1681802857393@passenger@0x0c05c7ae6e3a58c23e5d27fc1d121ed1aec0f738@FoundTheMostNearbyCar
1681802858925@passenger@0x495b77d80ccb1d3d1476db06dd522292555b2e23@StartProcessing
1681802859363@passenger@0x7776ed3449f97157630b06035e11bc7759e4f0db@PassengerArriveAtDestination
1681802859365@passenger@0xeef75753e18f97f0ee8a61119d84cdba23d22a7f@TheMostNearbyCarIsSelected
1681802859366@passenger@0xf85378de486a9514f26f3118450ff6409aaf2bfb@PassengerOnBoard
1681802859367@passenger@0x2a772e261792d208c40d685b31673a85ad18eb90@DestinationWrittenToContract
1681802859367@passenger@0x0c05c7ae6e3a58c23e5d27fc1d121ed1aec0f738@TheMostNearbyCarConflict
1681802859367@passenger@0xce2897c392e16c5762131a56686733e035a4aa30@PassengerPaysAndGetsOff
1681802859367@passenger@0x2a772e261792d208c40d685b31673a85ad18eb90@FoundIdleCarsNearby
1681802859442@passenger@0x2a772e261792d208c40d685b31673a85ad18eb90@FoundTheMostNearbyCar
1681802860556@passenger@0xd93f7bbe87e0986efca3dedc91880635a0f355d9@FoundTheMostNearbyCar
1681802860558@passenger@0x781b6d4d069a201ca8dc1542684edffd1b79c025@FoundTheMostNearbyCar
1681802861926@passenger@0xa95e44270fc15576da490955d8e6698e2a95f610@StartProcessing
1681802863012@passenger@0xa97253e4fe217e80b5f2e995bd54904f63726719@FoundTheMostNearbyCar
1681802864925@passenger@0xa330923b96f26c88a2681112bfe26d4d9186131a@StartProcessing
1681802865684@passenger@0xf85378de486a9514f26f3118450ff6409aaf2bfb@PassengerArriveAtDestination
1681802865691@passenger@0x495b77d80ccb1d3d1476db06dd522292555b2e23@StartingPointWrittenToContract
1681802865691@passenger@0x7776ed3449f97157630b06035e11bc7759e4f0db@PassengerPaysAndGetsOff
1681802865691@passenger@0xd93f7bbe87e0986efca3dedc91880635a0f355d9@TheMostNearbyCarIsSelected
1681802865692@passenger@0x3c28dc70332560ed17d1002704780df9df497abb@PassengerOnBoard
1681802865692@passenger@0xa95e44270fc15576da490955d8e6698e2a95f610@StartingPointWrittenToContract
1681802865693@passenger@0xa330923b96f26c88a2681112bfe26d4d9186131a@StartingPointWrittenToContract
1681802865693@passenger@0x781b6d4d069a201ca8dc1542684edffd1b79c025@TheMostNearbyCarConflict
1681802865693@passenger@0xa97253e4fe217e80b5f2e995bd54904f63726719@TheMostNearbyCarConflict
1681802865695@passenger@0x2a772e261792d208c40d685b31673a85ad18eb90@TheMostNearbyCarConflict
1681802867925@passenger@0x814d66fc3f60ca8b257b21f1b89faeecd31475af@StartProcessing
1681802868737@passenger@0xeef75753e18f97f0ee8a61119d84cdba23d22a7f@PassengerOnBoard
1681802868738@passenger@0x495b77d80ccb1d3d1476db06dd522292555b2e23@DestinationWrittenToContract
1681802868738@passenger@0xf85378de486a9514f26f3118450ff6409aaf2bfb@PassengerPaysAndGetsOff
1681802868740@passenger@0xa95e44270fc15576da490955d8e6698e2a95f610@DestinationWrittenToContract
1681802868740@passenger@0xa330923b96f26c88a2681112bfe26d4d9186131a@DestinationWrittenToContract
1681802868741@passenger@0x495b77d80ccb1d3d1476db06dd522292555b2e23@FoundIdleCarsNearby
1681802868743@passenger@0xa95e44270fc15576da490955d8e6698e2a95f610@FoundIdleCarsNearby
1681802868745@passenger@0xa330923b96f26c88a2681112bfe26d4d9186131a@FoundIdleCarsNearby
1681802868795@passenger@0x495b77d80ccb1d3d1476db06dd522292555b2e23@FoundTheMostNearbyCar
1681802868805@passenger@0xa95e44270fc15576da490955d8e6698e2a95f610@FoundTheMostNearbyCar
1681802868812@passenger@0xa330923b96f26c88a2681112bfe26d4d9186131a@FoundTheMostNearbyCar
1681802869088@passenger@0x3c28dc70332560ed17d1002704780df9df497abb@PassengerArriveAtDestination
1681802869095@passenger@0x814d66fc3f60ca8b257b21f1b89faeecd31475af@StartingPointWrittenToContract
1681802869324@passenger@0xd30d093abb9d34fb14917d07121ed6a61cb1f99e@FoundTheMostNearbyCar
1681802869326@passenger@0x7b11919cd9db9a817c8f9d2e9477f410273a3ceb@FoundTheMostNearbyCar
1681802870925@passenger@0x17164c34807aa124363d80a604efd4560d8cea0e@StartProcessing
1681802871538@passenger@0xa95e44270fc15576da490955d8e6698e2a95f610@TheMostNearbyCarIsSelected
1681802871540@passenger@0xa330923b96f26c88a2681112bfe26d4d9186131a@TheMostNearbyCarConflict
1681802871540@passenger@0x495b77d80ccb1d3d1476db06dd522292555b2e23@TheMostNearbyCarConflict
1681802873319@passenger@0xf5493c66a2f85637127510a53b6cd0b067936b51@FoundTheMostNearbyCar
1681802873320@passenger@0x441d24425b99411edd0ecf95501cb0db988e2f13@FoundTheMostNearbyCar
1681802873385@passenger@0x5895ef03d8c36b9a53b4f961cd1345ed0bd79fa3@FoundTheMostNearbyCar
1681802873923@passenger@0x9edfe6721d18361bf2b6d83b5cc22c0bf4db6314@StartProcessing
1681802874172@passenger@0xeef75753e18f97f0ee8a61119d84cdba23d22a7f@PassengerArriveAtDestination
1681802874175@passenger@0x17164c34807aa124363d80a604efd4560d8cea0e@StartingPointWrittenToContract
1681802874176@passenger@0xd93f7bbe87e0986efca3dedc91880635a0f355d9@PassengerOnBoard
1681802874176@passenger@0x814d66fc3f60ca8b257b21f1b89faeecd31475af@DestinationWrittenToContract
1681802874176@passenger@0x3c28dc70332560ed17d1002704780df9df497abb@PassengerPaysAndGetsOff
1681802874177@passenger@0x7b11919cd9db9a817c8f9d2e9477f410273a3ceb@TheMostNearbyCarConflict
1681802874177@passenger@0x814d66fc3f60ca8b257b21f1b89faeecd31475af@FoundIdleCarsNearby
1681802874178@passenger@0xd30d093abb9d34fb14917d07121ed6a61cb1f99e@TheMostNearbyCarConflict
1681802874214@passenger@0x814d66fc3f60ca8b257b21f1b89faeecd31475af@FoundTheMostNearbyCar
1681802874402@passenger@0x5895ef03d8c36b9a53b4f961cd1345ed0bd79fa3@TheMostNearbyCarIsSelected
1681802874402@passenger@0x9edfe6721d18361bf2b6d83b5cc22c0bf4db6314@StartingPointWrittenToContract
1681802874403@passenger@0x441d24425b99411edd0ecf95501cb0db988e2f13@TheMostNearbyCarConflict
1681802874403@passenger@0xf5493c66a2f85637127510a53b6cd0b067936b51@TheMostNearbyCarConflict
1681802875270@passenger@0x17164c34807aa124363d80a604efd4560d8cea0e@DestinationWrittenToContract
1681802875271@passenger@0xeef75753e18f97f0ee8a61119d84cdba23d22a7f@PassengerPaysAndGetsOff
1681802875271@passenger@0x814d66fc3f60ca8b257b21f1b89faeecd31475af@TheMostNearbyCarConflict
1681802875271@passenger@0x17164c34807aa124363d80a604efd4560d8cea0e@FoundIdleCarsNearby
1681802875311@passenger@0x17164c34807aa124363d80a604efd4560d8cea0e@FoundTheMostNearbyCar
1681802877411@passenger@0x0c05c7ae6e3a58c23e5d27fc1d121ed1aec0f738@FoundTheMostNearbyCar
1681802878801@passenger@0xd93f7bbe87e0986efca3dedc91880635a0f355d9@PassengerArriveAtDestination
1681802878813@passenger@0xa95e44270fc15576da490955d8e6698e2a95f610@PassengerOnBoard
1681802878813@passenger@0x17164c34807aa124363d80a604efd4560d8cea0e@TheMostNearbyCarIsSelected
1681802878813@passenger@0x0c05c7ae6e3a58c23e5d27fc1d121ed1aec0f738@TheMostNearbyCarConflict
1681802878814@passenger@0x9edfe6721d18361bf2b6d83b5cc22c0bf4db6314@DestinationWrittenToContract
1681802878816@passenger@0x9edfe6721d18361bf2b6d83b5cc22c0bf4db6314@FoundIdleCarsNearby
1681802878866@passenger@0x9edfe6721d18361bf2b6d83b5cc22c0bf4db6314@FoundTheMostNearbyCar
1681802879734@passenger@0x2a772e261792d208c40d685b31673a85ad18eb90@FoundTheMostNearbyCar
1681802881177@passenger@0xbb9fdf370e08bb5dee6f39ea440de18f01cdb1c8@FoundTheMostNearbyCar
1681802884300@passenger@0xa95e44270fc15576da490955d8e6698e2a95f610@PassengerArriveAtDestination
1681802884305@passenger@0x2a772e261792d208c40d685b31673a85ad18eb90@TheMostNearbyCarIsSelected
1681802884305@passenger@0xd93f7bbe87e0986efca3dedc91880635a0f355d9@PassengerPaysAndGetsOff
1681802884305@passenger@0xbb9fdf370e08bb5dee6f39ea440de18f01cdb1c8@TheMostNearbyCarConflict
1681802884305@passenger@0x9edfe6721d18361bf2b6d83b5cc22c0bf4db6314@TheMostNearbyCarConflict
1681802884305@passenger@0x5895ef03d8c36b9a53b4f961cd1345ed0bd79fa3@PassengerOnBoard
1681802885581@passenger@0xa330923b96f26c88a2681112bfe26d4d9186131a@FoundTheMostNearbyCar
1681802885584@passenger@0x495b77d80ccb1d3d1476db06dd522292555b2e23@FoundTheMostNearbyCar
1681802887738@passenger@0xa97253e4fe217e80b5f2e995bd54904f63726719@FoundTheMostNearbyCar
1681802888659@passenger@0x5895ef03d8c36b9a53b4f961cd1345ed0bd79fa3@PassengerArriveAtDestination
1681802888660@passenger@0xa95e44270fc15576da490955d8e6698e2a95f610@PassengerPaysAndGetsOff
1681802888660@passenger@0xa330923b96f26c88a2681112bfe26d4d9186131a@TheMostNearbyCarIsSelected
1681802888660@passenger@0x495b77d80ccb1d3d1476db06dd522292555b2e23@TheMostNearbyCarConflict
1681802888672@passenger@0x17164c34807aa124363d80a604efd4560d8cea0e@PassengerOnBoard
1681802889326@passenger@0x814d66fc3f60ca8b257b21f1b89faeecd31475af@FoundTheMostNearbyCar
1681802889704@passenger@0xa97253e4fe217e80b5f2e995bd54904f63726719@TheMostNearbyCarConflict
1681802890604@passenger@0x5895ef03d8c36b9a53b4f961cd1345ed0bd79fa3@PassengerPaysAndGetsOff
1681802890604@passenger@0x2a772e261792d208c40d685b31673a85ad18eb90@PassengerOnBoard
1681802890604@passenger@0x814d66fc3f60ca8b257b21f1b89faeecd31475af@TheMostNearbyCarIsSelected
1681802890607@passenger@0x17164c34807aa124363d80a604efd4560d8cea0e@PassengerArriveAtDestination
1681802891748@passenger@0x781b6d4d069a201ca8dc1542684edffd1b79c025@FoundTheMostNearbyCar
1681802892237@passenger@0xd30d093abb9d34fb14917d07121ed6a61cb1f99e@FoundTheMostNearbyCar
1681802892246@passenger@0x7b11919cd9db9a817c8f9d2e9477f410273a3ceb@FoundTheMostNearbyCar
1681802892532@passenger@0x2a772e261792d208c40d685b31673a85ad18eb90@PassengerArriveAtDestination
1681802892537@passenger@0x17164c34807aa124363d80a604efd4560d8cea0e@PassengerPaysAndGetsOff
1681802892537@passenger@0xa330923b96f26c88a2681112bfe26d4d9186131a@PassengerOnBoard
1681802892538@passenger@0x781b6d4d069a201ca8dc1542684edffd1b79c025@TheMostNearbyCarIsSelected
1681802896359@passenger@0xa330923b96f26c88a2681112bfe26d4d9186131a@PassengerArriveAtDestination
1681802896361@passenger@0xd30d093abb9d34fb14917d07121ed6a61cb1f99e@TheMostNearbyCarConflict
1681802896362@passenger@0x814d66fc3f60ca8b257b21f1b89faeecd31475af@PassengerOnBoard
1681802896366@passenger@0x2a772e261792d208c40d685b31673a85ad18eb90@PassengerPaysAndGetsOff
1681802896367@passenger@0x7b11919cd9db9a817c8f9d2e9477f410273a3ceb@TheMostNearbyCarConflict
1681802896445@passenger@0xf5493c66a2f85637127510a53b6cd0b067936b51@FoundTheMostNearbyCar
1681802896460@passenger@0x441d24425b99411edd0ecf95501cb0db988e2f13@FoundTheMostNearbyCar
1681802898353@passenger@0x9edfe6721d18361bf2b6d83b5cc22c0bf4db6314@FoundTheMostNearbyCar
1681802898911@passenger@0x814d66fc3f60ca8b257b21f1b89faeecd31475af@PassengerArriveAtDestination
1681802898913@passenger@0xa330923b96f26c88a2681112bfe26d4d9186131a@PassengerPaysAndGetsOff
1681802898913@passenger@0x781b6d4d069a201ca8dc1542684edffd1b79c025@PassengerOnBoard
1681802898913@passenger@0x441d24425b99411edd0ecf95501cb0db988e2f13@TheMostNearbyCarIsSelected
1681802898914@passenger@0x9edfe6721d18361bf2b6d83b5cc22c0bf4db6314@TheMostNearbyCarConflict
1681802898915@passenger@0xf5493c66a2f85637127510a53b6cd0b067936b51@TheMostNearbyCarConflict
1681802900848@passenger@0x0c05c7ae6e3a58c23e5d27fc1d121ed1aec0f738@FoundTheMostNearbyCar
1681802901404@passenger@0x781b6d4d069a201ca8dc1542684edffd1b79c025@PassengerArriveAtDestination
1681802901407@passenger@0x814d66fc3f60ca8b257b21f1b89faeecd31475af@PassengerPaysAndGetsOff
1681802901410@passenger@0x0c05c7ae6e3a58c23e5d27fc1d121ed1aec0f738@TheMostNearbyCarIsSelected
1681802904149@passenger@0x781b6d4d069a201ca8dc1542684edffd1b79c025@PassengerPaysAndGetsOff
1681802904154@passenger@0x441d24425b99411edd0ecf95501cb0db988e2f13@PassengerOnBoard
1681802906714@passenger@0x495b77d80ccb1d3d1476db06dd522292555b2e23@FoundTheMostNearbyCar
1681802908046@passenger@0x441d24425b99411edd0ecf95501cb0db988e2f13@PassengerArriveAtDestination
1681802908050@passenger@0x0c05c7ae6e3a58c23e5d27fc1d121ed1aec0f738@PassengerOnBoard
1681802908284@passenger@0x495b77d80ccb1d3d1476db06dd522292555b2e23@TheMostNearbyCarIsSelected
1681802909706@passenger@0x441d24425b99411edd0ecf95501cb0db988e2f13@PassengerPaysAndGetsOff
1681802910667@passenger@0x0c05c7ae6e3a58c23e5d27fc1d121ed1aec0f738@PassengerArriveAtDestination
1681802914343@passenger@0xbb9fdf370e08bb5dee6f39ea440de18f01cdb1c8@FoundTheMostNearbyCar
1681802915746@passenger@0xa97253e4fe217e80b5f2e995bd54904f63726719@FoundTheMostNearbyCar
1681802916952@passenger@0x9edfe6721d18361bf2b6d83b5cc22c0bf4db6314@FoundTheMostNearbyCar
1681802917390@passenger@0x495b77d80ccb1d3d1476db06dd522292555b2e23@PassengerOnBoard
1681802917391@passenger@0xa97253e4fe217e80b5f2e995bd54904f63726719@TheMostNearbyCarIsSelected
1681802917391@passenger@0x0c05c7ae6e3a58c23e5d27fc1d121ed1aec0f738@PassengerPaysAndGetsOff
1681802917391@passenger@0xbb9fdf370e08bb5dee6f39ea440de18f01cdb1c8@TheMostNearbyCarConflict
1681802917589@passenger@0x9edfe6721d18361bf2b6d83b5cc22c0bf4db6314@TheMostNearbyCarConflict
1681802918399@passenger@0x7b11919cd9db9a817c8f9d2e9477f410273a3ceb@FoundTheMostNearbyCar
1681802918405@passenger@0xd30d093abb9d34fb14917d07121ed6a61cb1f99e@FoundTheMostNearbyCar
1681802920879@passenger@0x495b77d80ccb1d3d1476db06dd522292555b2e23@PassengerArriveAtDestination
1681802924955@passenger@0xf5493c66a2f85637127510a53b6cd0b067936b51@FoundTheMostNearbyCar
1681802930755@passenger@0x7b11919cd9db9a817c8f9d2e9477f410273a3ceb@TheMostNearbyCarIsSelected
1681802930755@passenger@0xa97253e4fe217e80b5f2e995bd54904f63726719@PassengerOnBoard
1681802930755@passenger@0x495b77d80ccb1d3d1476db06dd522292555b2e23@PassengerPaysAndGetsOff
1681802930755@passenger@0xf5493c66a2f85637127510a53b6cd0b067936b51@TheMostNearbyCarConflict
1681802930756@passenger@0xd30d093abb9d34fb14917d07121ed6a61cb1f99e@TheMostNearbyCarConflict
1681802935950@passenger@0xa97253e4fe217e80b5f2e995bd54904f63726719@PassengerArriveAtDestination
1681802939624@passenger@0x9edfe6721d18361bf2b6d83b5cc22c0bf4db6314@FoundTheMostNearbyCar
1681802948744@passenger@0xa97253e4fe217e80b5f2e995bd54904f63726719@PassengerPaysAndGetsOff
1681802948744@passenger@0x9edfe6721d18361bf2b6d83b5cc22c0bf4db6314@TheMostNearbyCarIsSelected
1681802948744@passenger@0x7b11919cd9db9a817c8f9d2e9477f410273a3ceb@PassengerOnBoard
1681802951434@passenger@0xbb9fdf370e08bb5dee6f39ea440de18f01cdb1c8@FoundTheMostNearbyCar
1681802951773@passenger@0x7b11919cd9db9a817c8f9d2e9477f410273a3ceb@PassengerArriveAtDestination
1681802951777@passenger@0xbb9fdf370e08bb5dee6f39ea440de18f01cdb1c8@TheMostNearbyCarIsSelected
1681802956809@passenger@0xd30d093abb9d34fb14917d07121ed6a61cb1f99e@FoundTheMostNearbyCar
1681802958175@passenger@0x9edfe6721d18361bf2b6d83b5cc22c0bf4db6314@PassengerOnBoard
1681802958175@passenger@0x7b11919cd9db9a817c8f9d2e9477f410273a3ceb@PassengerPaysAndGetsOff
1681802958465@passenger@0xd30d093abb9d34fb14917d07121ed6a61cb1f99e@TheMostNearbyCarIsSelected
1681802958852@passenger@0xbb9fdf370e08bb5dee6f39ea440de18f01cdb1c8@PassengerOnBoard
1681802960793@passenger@0xf5493c66a2f85637127510a53b6cd0b067936b51@FoundTheMostNearbyCar
1681802962036@passenger@0x9edfe6721d18361bf2b6d83b5cc22c0bf4db6314@PassengerArriveAtDestination
1681802962036@passenger@0xbb9fdf370e08bb5dee6f39ea440de18f01cdb1c8@PassengerArriveAtDestination
1681802962040@passenger@0xf5493c66a2f85637127510a53b6cd0b067936b51@TheMostNearbyCarIsSelected
1681802963279@passenger@0x9edfe6721d18361bf2b6d83b5cc22c0bf4db6314@PassengerPaysAndGetsOff
1681802963280@passenger@0xbb9fdf370e08bb5dee6f39ea440de18f01cdb1c8@PassengerPaysAndGetsOff
1681802963280@passenger@0xd30d093abb9d34fb14917d07121ed6a61cb1f99e@PassengerOnBoard
1681802969871@passenger@0xd30d093abb9d34fb14917d07121ed6a61cb1f99e@PassengerArriveAtDestination
1681802969873@passenger@0xf5493c66a2f85637127510a53b6cd0b067936b51@PassengerOnBoard
1681802974478@passenger@0xf5493c66a2f85637127510a53b6cd0b067936b51@PassengerArriveAtDestination
1681802974479@passenger@0xd30d093abb9d34fb14917d07121ed6a61cb1f99e@PassengerPaysAndGetsOff
1681802980599@passenger@0xf5493c66a2f85637127510a53b6cd0b067936b51@PassengerPaysAndGetsOff
/home/endericedragon/taxi_experiment_20230417/taxi_experiment/p5.js:165
				if (event.returnValues.passengerId.slice(0, 42) == passengerId.toLowerCase()) {
				                       ^

TypeError: Cannot read properties of undefined (reading 'passengerId')
    at Subscription.callback (/home/endericedragon/taxi_experiment_20230417/taxi_experiment/p5.js:165:28)
    at Object.callback (/home/endericedragon/taxi_experiment_20230417/taxi_experiment/node_modules/web3/node_modules/web3-core-subscriptions/lib/subscription.js:248:27)
    at /home/endericedragon/taxi_experiment_20230417/taxi_experiment/node_modules/web3/node_modules/web3-core-requestmanager/lib/index.js:108:34
    at Map.forEach (<anonymous>)
    at WebsocketProvider.disconnect (/home/endericedragon/taxi_experiment_20230417/taxi_experiment/node_modules/web3/node_modules/web3-core-requestmanager/lib/index.js:107:37)
    at WebsocketProvider.emit (/home/endericedragon/taxi_experiment_20230417/taxi_experiment/node_modules/web3/node_modules/eventemitter3/index.js:181:35)
    at WebsocketProvider._onClose (/home/endericedragon/taxi_experiment_20230417/taxi_experiment/node_modules/web3/node_modules/web3-providers-ws/lib/index.js:152:10)
    at W3CWebSocket._dispatchEvent [as dispatchEvent] (/home/endericedragon/taxi_experiment_20230417/taxi_experiment/node_modules/web3/node_modules/yaeti/lib/EventTarget.js:115:12)
    at W3CWebSocket.onClose (/home/endericedragon/taxi_experiment_20230417/taxi_experiment/node_modules/web3/node_modules/websocket/lib/W3CWebSocket.js:228:10)
    at WebSocketConnection.<anonymous> (/home/endericedragon/taxi_experiment_20230417/taxi_experiment/node_modules/web3/node_modules/websocket/lib/W3CWebSocket.js:201:17)
    at WebSocketConnection.emit (node:events:513:28)
    at WebSocketConnection.handleSocketClose (/home/endericedragon/taxi_experiment_20230417/taxi_experiment/node_modules/web3/node_modules/websocket/lib/WebSocketConnection.js:389:14)
    at Socket.emit (node:events:513:28)
    at TCP.<anonymous> (node:net:322:12)

Node.js v18.15.0
