1681802689789@vehicle@0x196424dd2bf7c978228ebd7a17b38b993d650696@StartProcessing
1681802689794@vehicle@0x12d0e4381ef94a70a49252e35b9a65fadd3872b9@StartProcessing
1681802689795@vehicle@0x456c4df0610c7611ae8bcaed32dd1d94e88ceca4@StartProcessing
1681802689796@vehicle@0xdedee68f2020c0d3f98d2a8c23b6563f7b97e559@StartProcessing
1681802689796@vehicle@0xc0a3917e5679c0ef9033c41cbe294a212abe55df@StartProcessing
1681802689797@vehicle@0x55577fd620a0b8379846fcb1499e4bdc22538843@StartProcessing
1681802689797@vehicle@0xad8a321e2e8f8f51245f47b8f412979d5740e625@StartProcessing
1681802689798@vehicle@0x91153bad44dcc46187c481d8d36a53e58522d0c4@StartProcessing
1681802689798@vehicle@0xe64e81bc77ee05caaa6b1476de75193607e84d87@StartProcessing
1681802689799@vehicle@0x7a68b86008b0cfc3ae0e8068360271cbb999c97d@StartProcessing
1681802689799@vehicle@0xd5f5ef5ff4c6323c62bdc5ab2061f440aefc511b@StartProcessing
1681802689799@vehicle@0xf4190533e1203597f7cbe83cd76a32192af04ebf@StartProcessing
1681802689800@vehicle@0xfc932e94fed02d65e282e933c8e0cb75f6c4cfd8@StartProcessing
1681802689800@vehicle@0xfdd87ce574fea6b415f3a8f70f4fcc752555b920@StartProcessing
1681802689801@vehicle@0xd05c44f7b7f9d7c76a32f6cd5c612ac9c0f5bfc2@StartProcessing
1681802689801@vehicle@0xbeacf6104014bfafccc307bb7e7b5ef850c1db0d@StartProcessing
1681802689802@vehicle@0x3df2c7b1e2c3e8e5e40c6035f6a3a5bb8fdb6b87@StartProcessing
1681802689802@vehicle@0x46dfb062b17f2ef557a64283347653f11ba7c089@StartProcessing
1681802689802@vehicle@0xd402c7301a68c4c65529ab0c597bb8b13e27f607@StartProcessing
1681802689803@vehicle@0x42389309e69a2b32b98f04bc8255ad971797f757@StartProcessing
1681802689803@vehicle@0xcae58827099cb4557f40dd308f5efc29e9065be8@StartProcessing
1681802689803@vehicle@0x6d1558ef76336d670fb6f2b04ae1f345eab94761@StartProcessing
1681802689803@vehicle@0x95d2b2a36e6a3d1e7ac8edbf99481c6009a19131@StartProcessing
1681802689804@vehicle@0xd35d112793fe59877302d4064c9ef5a89c0485ba@StartProcessing
1681802689804@vehicle@0xac37a0543b6abb8e7add0c00128c9f486e45b0e9@StartProcessing
1681802689804@vehicle@0x7a5b8a958a74e39ade01f412951fb319ee4fe6d9@StartProcessing
1681802689804@vehicle@0xfb1c049ecb1884a77e857bcca8ae6443f0143dbf@StartProcessing
1681802689804@vehicle@0x4c0ae67f9e2dcabbcaee58afa56c14e427272b6f@StartProcessing
1681802689805@vehicle@0x0d5f26272be5a3b462c3b7a978c7bf4b0d6aadb1@StartProcessing
1681802689805@vehicle@0x0cac0bfe17bd73be78486a51a15db39b10cbafcf@StartProcessing
1681802704373@vehicle@0x0cac0bfe17bd73be78486a51a15db39b10cbafcf@PickUp@0xbf5868b482ace24aa4f339ceb26e32230fc7d3aa000000000000000000000000
1681802704716@vehicle@0x0cac0bfe17bd73be78486a51a15db39b10cbafcf@FinishedAStarToStartingPoint
1681802707357@vehicle@0x0cac0bfe17bd73be78486a51a15db39b10cbafcf@StoreRouteToStartingPointThroughAStarSuccess
1681802710862@vehicle@0x0d5f26272be5a3b462c3b7a978c7bf4b0d6aadb1@PickUp@0xedb6f3a4a1ebc511f7fe9bd4f2cd4219ca0a3cf4000000000000000000000000
1681802710868@vehicle@0x0cac0bfe17bd73be78486a51a15db39b10cbafcf@DestinationReady
1681802711236@vehicle@0x0d5f26272be5a3b462c3b7a978c7bf4b0d6aadb1@FinishedAStarToStartingPoint
1681802711540@vehicle@0x0cac0bfe17bd73be78486a51a15db39b10cbafcf@FinishedAStarToDestination
1681802714686@vehicle@0x12d0e4381ef94a70a49252e35b9a65fadd3872b9@PickUp@0xbd2f3e025a8f0b0d8bb9f64ef60980ebb27e8d5d000000000000000000000000
1681802714689@vehicle@0x0cac0bfe17bd73be78486a51a15db39b10cbafcf@StoreRouteToDestinationSuccess
1681802714690@vehicle@0x0d5f26272be5a3b462c3b7a978c7bf4b0d6aadb1@StoreRouteToStartingPointThroughAStarSuccess
1681802715073@vehicle@0x12d0e4381ef94a70a49252e35b9a65fadd3872b9@FinishedAStarToStartingPoint
1681802715641@vehicle@0x0cac0bfe17bd73be78486a51a15db39b10cbafcf@PassengerPaid
1681802715648@vehicle@0x196424dd2bf7c978228ebd7a17b38b993d650696@PickUp@0xabd6b57b7d198796947bc03e4f5bd911813caada000000000000000000000000
1681802715650@vehicle@0x0d5f26272be5a3b462c3b7a978c7bf4b0d6aadb1@DestinationReady
1681802715654@vehicle@0x0cac0bfe17bd73be78486a51a15db39b10cbafcf@CarReleased
1681802715796@vehicle@0x12d0e4381ef94a70a49252e35b9a65fadd3872b9@StoreRouteToStartingPointThroughAStarSuccess
1681802716046@vehicle@0x196424dd2bf7c978228ebd7a17b38b993d650696@FinishedAStarToStartingPoint
1681802716320@vehicle@0x0d5f26272be5a3b462c3b7a978c7bf4b0d6aadb1@FinishedAStarToDestination
1681802719677@vehicle@0x3df2c7b1e2c3e8e5e40c6035f6a3a5bb8fdb6b87@PickUp@0x62119c27e0081b14e6e0c596603d21eaa6d6452b000000000000000000000000
1681802719680@vehicle@0x196424dd2bf7c978228ebd7a17b38b993d650696@StoreRouteToStartingPointThroughAStarSuccess
1681802719680@vehicle@0x12d0e4381ef94a70a49252e35b9a65fadd3872b9@DestinationReady
1681802719680@vehicle@0x0d5f26272be5a3b462c3b7a978c7bf4b0d6aadb1@StoreRouteToDestinationSuccess
1681802720044@vehicle@0x3df2c7b1e2c3e8e5e40c6035f6a3a5bb8fdb6b87@FinishedAStarToStartingPoint
1681802720355@vehicle@0x12d0e4381ef94a70a49252e35b9a65fadd3872b9@FinishedAStarToDestination
1681802722186@vehicle@0x0d5f26272be5a3b462c3b7a978c7bf4b0d6aadb1@PassengerPaid
1681802722191@vehicle@0x0cac0bfe17bd73be78486a51a15db39b10cbafcf@PickUp@0xc265c858c1186113b2d830e6f46f6d95142e9750000000000000000000000000
1681802722192@vehicle@0x196424dd2bf7c978228ebd7a17b38b993d650696@DestinationReady
1681802722192@vehicle@0x3df2c7b1e2c3e8e5e40c6035f6a3a5bb8fdb6b87@StoreRouteToStartingPointThroughAStarSuccess
1681802722195@vehicle@0x0d5f26272be5a3b462c3b7a978c7bf4b0d6aadb1@CarReleased
1681802722806@vehicle@0x0cac0bfe17bd73be78486a51a15db39b10cbafcf@FinishedAStarToStartingPoint
1681802722883@vehicle@0x196424dd2bf7c978228ebd7a17b38b993d650696@FinishedAStarToDestination
1681802723083@vehicle@0x12d0e4381ef94a70a49252e35b9a65fadd3872b9@StoreRouteToDestinationSuccess
1681802726776@vehicle@0x12d0e4381ef94a70a49252e35b9a65fadd3872b9@PassengerPaid
1681802726790@vehicle@0x42389309e69a2b32b98f04bc8255ad971797f757@PickUp@0x03875bcc0db199992266825e2c1cf0f5bfc200d2000000000000000000000000
1681802726792@vehicle@0x0cac0bfe17bd73be78486a51a15db39b10cbafcf@StoreRouteToStartingPointThroughAStarSuccess
1681802726792@vehicle@0x196424dd2bf7c978228ebd7a17b38b993d650696@StoreRouteToDestinationSuccess
1681802726792@vehicle@0x3df2c7b1e2c3e8e5e40c6035f6a3a5bb8fdb6b87@DestinationReady
1681802726798@vehicle@0x12d0e4381ef94a70a49252e35b9a65fadd3872b9@CarReleased
1681802727172@vehicle@0x42389309e69a2b32b98f04bc8255ad971797f757@FinishedAStarToStartingPoint
1681802727471@vehicle@0x3df2c7b1e2c3e8e5e40c6035f6a3a5bb8fdb6b87@FinishedAStarToDestination
1681802729797@vehicle@0x0d5f26272be5a3b462c3b7a978c7bf4b0d6aadb1@PickUp@0xf0ce9fe96ac15405e4fd51a62cbdbdaef2d36372000000000000000000000000
1681802729800@vehicle@0x196424dd2bf7c978228ebd7a17b38b993d650696@PassengerPaid
1681802729803@vehicle@0x42389309e69a2b32b98f04bc8255ad971797f757@StoreRouteToStartingPointThroughAStarSuccess
1681802729803@vehicle@0x3df2c7b1e2c3e8e5e40c6035f6a3a5bb8fdb6b87@StoreRouteToDestinationSuccess
1681802729803@vehicle@0x0cac0bfe17bd73be78486a51a15db39b10cbafcf@DestinationReady
1681802729810@vehicle@0x196424dd2bf7c978228ebd7a17b38b993d650696@CarReleased
1681802730358@vehicle@0x0d5f26272be5a3b462c3b7a978c7bf4b0d6aadb1@FinishedAStarToStartingPoint
1681802730485@vehicle@0x0cac0bfe17bd73be78486a51a15db39b10cbafcf@FinishedAStarToDestination
1681802732756@vehicle@0x3df2c7b1e2c3e8e5e40c6035f6a3a5bb8fdb6b87@PassengerPaid
1681802732761@vehicle@0x12d0e4381ef94a70a49252e35b9a65fadd3872b9@PickUp@0x1bdf42d9a37b5b5c5a3bc09cadfade23d075791a000000000000000000000000
1681802732765@vehicle@0x42389309e69a2b32b98f04bc8255ad971797f757@DestinationReady
1681802732775@vehicle@0x0cac0bfe17bd73be78486a51a15db39b10cbafcf@StoreRouteToDestinationSuccess
1681802732775@vehicle@0x0d5f26272be5a3b462c3b7a978c7bf4b0d6aadb1@StoreRouteToStartingPointThroughAStarSuccess
1681802732775@vehicle@0x3df2c7b1e2c3e8e5e40c6035f6a3a5bb8fdb6b87@CarReleased
1681802733375@vehicle@0x12d0e4381ef94a70a49252e35b9a65fadd3872b9@FinishedAStarToStartingPoint
1681802733434@vehicle@0x42389309e69a2b32b98f04bc8255ad971797f757@FinishedAStarToDestination
1681802737201@vehicle@0x196424dd2bf7c978228ebd7a17b38b993d650696@PickUp@0x3449a20e1b4700ffd4dd49f0fc14bcac44fee63c000000000000000000000000
1681802737209@vehicle@0x0cac0bfe17bd73be78486a51a15db39b10cbafcf@PassengerPaid
1681802737221@vehicle@0x42389309e69a2b32b98f04bc8255ad971797f757@StoreRouteToDestinationSuccess
1681802737222@vehicle@0x12d0e4381ef94a70a49252e35b9a65fadd3872b9@StoreRouteToStartingPointThroughAStarSuccess
1681802737222@vehicle@0x0d5f26272be5a3b462c3b7a978c7bf4b0d6aadb1@DestinationReady
1681802737222@vehicle@0x0cac0bfe17bd73be78486a51a15db39b10cbafcf@CarReleased
1681802737783@vehicle@0x196424dd2bf7c978228ebd7a17b38b993d650696@FinishedAStarToStartingPoint
1681802737891@vehicle@0x0d5f26272be5a3b462c3b7a978c7bf4b0d6aadb1@FinishedAStarToDestination
1681802738919@vehicle@0x3df2c7b1e2c3e8e5e40c6035f6a3a5bb8fdb6b87@PickUp@0xd2ed0cb17fd847c8aa8bc8e9ed3870481ede088b000000000000000000000000
1681802738929@vehicle@0x42389309e69a2b32b98f04bc8255ad971797f757@PassengerPaid
1681802738933@vehicle@0x196424dd2bf7c978228ebd7a17b38b993d650696@StoreRouteToStartingPointThroughAStarSuccess
1681802738933@vehicle@0x12d0e4381ef94a70a49252e35b9a65fadd3872b9@DestinationReady
1681802738934@vehicle@0x0d5f26272be5a3b462c3b7a978c7bf4b0d6aadb1@StoreRouteToDestinationSuccess
1681802738943@vehicle@0x42389309e69a2b32b98f04bc8255ad971797f757@CarReleased
1681802739576@vehicle@0x3df2c7b1e2c3e8e5e40c6035f6a3a5bb8fdb6b87@FinishedAStarToStartingPoint
1681802739642@vehicle@0x12d0e4381ef94a70a49252e35b9a65fadd3872b9@FinishedAStarToDestination
1681802743896@vehicle@0x0d5f26272be5a3b462c3b7a978c7bf4b0d6aadb1@PassengerPaid
1681802743898@vehicle@0x0cac0bfe17bd73be78486a51a15db39b10cbafcf@PickUp@0x5227daf8db7c57d268979df21ba9ee9c93d26712000000000000000000000000
1681802743900@vehicle@0x3df2c7b1e2c3e8e5e40c6035f6a3a5bb8fdb6b87@StoreRouteToStartingPointThroughAStarSuccess
1681802743900@vehicle@0x196424dd2bf7c978228ebd7a17b38b993d650696@DestinationReady
1681802743901@vehicle@0x12d0e4381ef94a70a49252e35b9a65fadd3872b9@StoreRouteToDestinationSuccess
1681802743902@vehicle@0x0d5f26272be5a3b462c3b7a978c7bf4b0d6aadb1@CarReleased
1681802744450@vehicle@0x0cac0bfe17bd73be78486a51a15db39b10cbafcf@FinishedAStarToStartingPoint
1681802744519@vehicle@0x196424dd2bf7c978228ebd7a17b38b993d650696@FinishedAStarToDestination
1681802745980@vehicle@0x12d0e4381ef94a70a49252e35b9a65fadd3872b9@PassengerPaid
1681802745986@vehicle@0x3df2c7b1e2c3e8e5e40c6035f6a3a5bb8fdb6b87@DestinationReady
1681802745992@vehicle@0x196424dd2bf7c978228ebd7a17b38b993d650696@StoreRouteToDestinationSuccess
1681802745993@vehicle@0x0cac0bfe17bd73be78486a51a15db39b10cbafcf@StoreRouteToStartingPointThroughAStarSuccess
1681802745993@vehicle@0x12d0e4381ef94a70a49252e35b9a65fadd3872b9@CarReleased
1681802746694@vehicle@0x3df2c7b1e2c3e8e5e40c6035f6a3a5bb8fdb6b87@FinishedAStarToDestination
1681802750628@vehicle@0x0d5f26272be5a3b462c3b7a978c7bf4b0d6aadb1@PickUp@0x4093777e3bf0a104ef5576011a965c58a206b69b000000000000000000000000
1681802750629@vehicle@0x196424dd2bf7c978228ebd7a17b38b993d650696@PassengerPaid
1681802750631@vehicle@0x3df2c7b1e2c3e8e5e40c6035f6a3a5bb8fdb6b87@StoreRouteToDestinationSuccess
1681802750631@vehicle@0x0cac0bfe17bd73be78486a51a15db39b10cbafcf@DestinationReady
1681802750634@vehicle@0x196424dd2bf7c978228ebd7a17b38b993d650696@CarReleased
1681802751195@vehicle@0x0d5f26272be5a3b462c3b7a978c7bf4b0d6aadb1@FinishedAStarToStartingPoint
1681802751284@vehicle@0x0cac0bfe17bd73be78486a51a15db39b10cbafcf@FinishedAStarToDestination
1681802755531@vehicle@0x3df2c7b1e2c3e8e5e40c6035f6a3a5bb8fdb6b87@PassengerPaid
1681802755532@vehicle@0x12d0e4381ef94a70a49252e35b9a65fadd3872b9@PickUp@0x7906b337632876b8050f55ee5b57228f02972fa3000000000000000000000000
1681802755535@vehicle@0x0cac0bfe17bd73be78486a51a15db39b10cbafcf@StoreRouteToDestinationSuccess
1681802755535@vehicle@0x0d5f26272be5a3b462c3b7a978c7bf4b0d6aadb1@StoreRouteToStartingPointThroughAStarSuccess
1681802755538@vehicle@0x3df2c7b1e2c3e8e5e40c6035f6a3a5bb8fdb6b87@CarReleased
1681802756096@vehicle@0x12d0e4381ef94a70a49252e35b9a65fadd3872b9@FinishedAStarToStartingPoint
1681802760320@vehicle@0x0cac0bfe17bd73be78486a51a15db39b10cbafcf@PassengerPaid
1681802760330@vehicle@0x196424dd2bf7c978228ebd7a17b38b993d650696@PickUp@0x3b49b8eb1d9d3c28242b97c135379e0e32468fb9000000000000000000000000
1681802760333@vehicle@0x12d0e4381ef94a70a49252e35b9a65fadd3872b9@StoreRouteToStartingPointThroughAStarSuccess
1681802760333@vehicle@0x0d5f26272be5a3b462c3b7a978c7bf4b0d6aadb1@DestinationReady
1681802760338@vehicle@0x0cac0bfe17bd73be78486a51a15db39b10cbafcf@CarReleased
1681802760926@vehicle@0x196424dd2bf7c978228ebd7a17b38b993d650696@FinishedAStarToStartingPoint
1681802761056@vehicle@0x0d5f26272be5a3b462c3b7a978c7bf4b0d6aadb1@FinishedAStarToDestination
1681802765498@vehicle@0x3df2c7b1e2c3e8e5e40c6035f6a3a5bb8fdb6b87@PickUp@0x00cbd2864b7c93822826f80a7c968a2ada1cbaa7000000000000000000000000
1681802765499@vehicle@0x0d5f26272be5a3b462c3b7a978c7bf4b0d6aadb1@StoreRouteToDestinationSuccess
1681802765499@vehicle@0x196424dd2bf7c978228ebd7a17b38b993d650696@StoreRouteToStartingPointThroughAStarSuccess
1681802765499@vehicle@0x12d0e4381ef94a70a49252e35b9a65fadd3872b9@DestinationReady
1681802766132@vehicle@0x3df2c7b1e2c3e8e5e40c6035f6a3a5bb8fdb6b87@FinishedAStarToStartingPoint
1681802766236@vehicle@0x12d0e4381ef94a70a49252e35b9a65fadd3872b9@FinishedAStarToDestination
1681802768237@vehicle@0x0cac0bfe17bd73be78486a51a15db39b10cbafcf@PickUp@0x6667d6c8b9d92f20a6a8ffaae8aace0147bee999000000000000000000000000
1681802768245@vehicle@0x0d5f26272be5a3b462c3b7a978c7bf4b0d6aadb1@PassengerPaid
1681802768249@vehicle@0x196424dd2bf7c978228ebd7a17b38b993d650696@DestinationReady
1681802768270@vehicle@0x0d5f26272be5a3b462c3b7a978c7bf4b0d6aadb1@CarReleased
1681802768857@vehicle@0x0cac0bfe17bd73be78486a51a15db39b10cbafcf@FinishedAStarToStartingPoint
1681802768922@vehicle@0x196424dd2bf7c978228ebd7a17b38b993d650696@FinishedAStarToDestination
1681802771080@vehicle@0x12d0e4381ef94a70a49252e35b9a65fadd3872b9@StoreRouteToDestinationSuccess
1681802771080@vehicle@0x3df2c7b1e2c3e8e5e40c6035f6a3a5bb8fdb6b87@StoreRouteToStartingPointThroughAStarSuccess
1681802772356@vehicle@0x42389309e69a2b32b98f04bc8255ad971797f757@PickUp@0x98a7df3e665e83ed12f900bb0a9f7d2914808fa7000000000000000000000000
1681802772357@vehicle@0x0cac0bfe17bd73be78486a51a15db39b10cbafcf@StoreRouteToStartingPointThroughAStarSuccess
1681802772357@vehicle@0x196424dd2bf7c978228ebd7a17b38b993d650696@StoreRouteToDestinationSuccess
1681802772697@vehicle@0x12d0e4381ef94a70a49252e35b9a65fadd3872b9@PassengerPaid
1681802772704@vehicle@0x3df2c7b1e2c3e8e5e40c6035f6a3a5bb8fdb6b87@DestinationReady
1681802772710@vehicle@0x12d0e4381ef94a70a49252e35b9a65fadd3872b9@CarReleased
1681802772965@vehicle@0x42389309e69a2b32b98f04bc8255ad971797f757@FinishedAStarToStartingPoint
1681802773365@vehicle@0x3df2c7b1e2c3e8e5e40c6035f6a3a5bb8fdb6b87@FinishedAStarToDestination
1681802773511@vehicle@0x196424dd2bf7c978228ebd7a17b38b993d650696@PassengerPaid
1681802773518@vehicle@0x0cac0bfe17bd73be78486a51a15db39b10cbafcf@DestinationReady
1681802773530@vehicle@0x196424dd2bf7c978228ebd7a17b38b993d650696@CarReleased
1681802773951@vehicle@0x0d5f26272be5a3b462c3b7a978c7bf4b0d6aadb1@PickUp@0x3d79e4b740913678fcab6e490f4c273f3e7d6a89000000000000000000000000
1681802773953@vehicle@0x3df2c7b1e2c3e8e5e40c6035f6a3a5bb8fdb6b87@StoreRouteToDestinationSuccess
1681802773953@vehicle@0x42389309e69a2b32b98f04bc8255ad971797f757@StoreRouteToStartingPointThroughAStarSuccess
1681802774162@vehicle@0x0cac0bfe17bd73be78486a51a15db39b10cbafcf@FinishedAStarToDestination
1681802774514@vehicle@0x0d5f26272be5a3b462c3b7a978c7bf4b0d6aadb1@FinishedAStarToStartingPoint
1681802779424@vehicle@0x12d0e4381ef94a70a49252e35b9a65fadd3872b9@PickUp@0x1c230c5d5ae6b126d0d7fd8e8af3aa09905d2b4b000000000000000000000000
1681802779427@vehicle@0x3df2c7b1e2c3e8e5e40c6035f6a3a5bb8fdb6b87@PassengerPaid
1681802779431@vehicle@0x0cac0bfe17bd73be78486a51a15db39b10cbafcf@StoreRouteToDestinationSuccess
1681802779431@vehicle@0x0d5f26272be5a3b462c3b7a978c7bf4b0d6aadb1@StoreRouteToStartingPointThroughAStarSuccess
1681802779431@vehicle@0x42389309e69a2b32b98f04bc8255ad971797f757@DestinationReady
1681802779432@vehicle@0x3df2c7b1e2c3e8e5e40c6035f6a3a5bb8fdb6b87@CarReleased
1681802780022@vehicle@0x12d0e4381ef94a70a49252e35b9a65fadd3872b9@FinishedAStarToStartingPoint
1681802780105@vehicle@0x42389309e69a2b32b98f04bc8255ad971797f757@FinishedAStarToDestination
1681802782079@vehicle@0x0cac0bfe17bd73be78486a51a15db39b10cbafcf@PassengerPaid
1681802782082@vehicle@0x196424dd2bf7c978228ebd7a17b38b993d650696@PickUp@0x1cdf2caf87fe659e3d2fb0d2482049d74375eca6000000000000000000000000
1681802782084@vehicle@0x12d0e4381ef94a70a49252e35b9a65fadd3872b9@StoreRouteToStartingPointThroughAStarSuccess
1681802782084@vehicle@0x42389309e69a2b32b98f04bc8255ad971797f757@StoreRouteToDestinationSuccess
1681802782094@vehicle@0x0d5f26272be5a3b462c3b7a978c7bf4b0d6aadb1@DestinationReady
1681802782095@vehicle@0x0cac0bfe17bd73be78486a51a15db39b10cbafcf@CarReleased
1681802782661@vehicle@0x196424dd2bf7c978228ebd7a17b38b993d650696@FinishedAStarToStartingPoint
1681802782756@vehicle@0x0d5f26272be5a3b462c3b7a978c7bf4b0d6aadb1@FinishedAStarToDestination
1681802785106@vehicle@0x3df2c7b1e2c3e8e5e40c6035f6a3a5bb8fdb6b87@PickUp@0x075c06e40ff4067d3f9d765719555f06532bb170000000000000000000000000
1681802785107@vehicle@0x42389309e69a2b32b98f04bc8255ad971797f757@PassengerPaid
1681802785111@vehicle@0x0d5f26272be5a3b462c3b7a978c7bf4b0d6aadb1@StoreRouteToDestinationSuccess
1681802785111@vehicle@0x196424dd2bf7c978228ebd7a17b38b993d650696@StoreRouteToStartingPointThroughAStarSuccess
1681802785112@vehicle@0x12d0e4381ef94a70a49252e35b9a65fadd3872b9@DestinationReady
1681802785112@vehicle@0x42389309e69a2b32b98f04bc8255ad971797f757@CarReleased
1681802785714@vehicle@0x3df2c7b1e2c3e8e5e40c6035f6a3a5bb8fdb6b87@FinishedAStarToStartingPoint
1681802785777@vehicle@0x12d0e4381ef94a70a49252e35b9a65fadd3872b9@FinishedAStarToDestination
1681802792306@vehicle@0x0cac0bfe17bd73be78486a51a15db39b10cbafcf@PickUp@0xed04389fb476cbfb0737477e9aa3a509404917cf000000000000000000000000
1681802792319@vehicle@0x0d5f26272be5a3b462c3b7a978c7bf4b0d6aadb1@PassengerPaid
1681802792322@vehicle@0x12d0e4381ef94a70a49252e35b9a65fadd3872b9@StoreRouteToDestinationSuccess
1681802792322@vehicle@0x196424dd2bf7c978228ebd7a17b38b993d650696@DestinationReady
1681802792322@vehicle@0x3df2c7b1e2c3e8e5e40c6035f6a3a5bb8fdb6b87@StoreRouteToStartingPointThroughAStarSuccess
1681802792331@vehicle@0x0d5f26272be5a3b462c3b7a978c7bf4b0d6aadb1@CarReleased
1681802792903@vehicle@0x0cac0bfe17bd73be78486a51a15db39b10cbafcf@FinishedAStarToStartingPoint
1681802792996@vehicle@0x196424dd2bf7c978228ebd7a17b38b993d650696@FinishedAStarToDestination
1681802793324@vehicle@0x12d0e4381ef94a70a49252e35b9a65fadd3872b9@PassengerPaid
1681802793334@vehicle@0x196424dd2bf7c978228ebd7a17b38b993d650696@StoreRouteToDestinationSuccess
1681802793334@vehicle@0x0cac0bfe17bd73be78486a51a15db39b10cbafcf@StoreRouteToStartingPointThroughAStarSuccess
1681802793335@vehicle@0x3df2c7b1e2c3e8e5e40c6035f6a3a5bb8fdb6b87@DestinationReady
1681802793342@vehicle@0x12d0e4381ef94a70a49252e35b9a65fadd3872b9@CarReleased
1681802793981@vehicle@0x3df2c7b1e2c3e8e5e40c6035f6a3a5bb8fdb6b87@FinishedAStarToDestination
1681802796504@vehicle@0x196424dd2bf7c978228ebd7a17b38b993d650696@PassengerPaid
1681802796508@vehicle@0x0d5f26272be5a3b462c3b7a978c7bf4b0d6aadb1@PickUp@0xbcbc44f60dea618c7df6a08a3a9683ee138813ba000000000000000000000000
1681802796509@vehicle@0x3df2c7b1e2c3e8e5e40c6035f6a3a5bb8fdb6b87@StoreRouteToDestinationSuccess
1681802796509@vehicle@0x0cac0bfe17bd73be78486a51a15db39b10cbafcf@DestinationReady
1681802796511@vehicle@0x196424dd2bf7c978228ebd7a17b38b993d650696@CarReleased
1681802796956@vehicle@0x3df2c7b1e2c3e8e5e40c6035f6a3a5bb8fdb6b87@PassengerPaid
1681802796957@vehicle@0x12d0e4381ef94a70a49252e35b9a65fadd3872b9@PickUp@0x05d6ca3c365ab26983bfca03809309a8258e3f62000000000000000000000000
1681802796960@vehicle@0x3df2c7b1e2c3e8e5e40c6035f6a3a5bb8fdb6b87@CarReleased
1681802797101@vehicle@0x0d5f26272be5a3b462c3b7a978c7bf4b0d6aadb1@FinishedAStarToStartingPoint
1681802797203@vehicle@0x0cac0bfe17bd73be78486a51a15db39b10cbafcf@FinishedAStarToDestination
1681802797520@vehicle@0x12d0e4381ef94a70a49252e35b9a65fadd3872b9@FinishedAStarToStartingPoint
1681802799526@vehicle@0x196424dd2bf7c978228ebd7a17b38b993d650696@PickUp@0x792e5531f6d360524e4dd3f1d17725edcc9b1dc1000000000000000000000000
1681802799527@vehicle@0x0d5f26272be5a3b462c3b7a978c7bf4b0d6aadb1@StoreRouteToStartingPointThroughAStarSuccess
1681802799527@vehicle@0x0cac0bfe17bd73be78486a51a15db39b10cbafcf@StoreRouteToDestinationSuccess
1681802799529@vehicle@0x12d0e4381ef94a70a49252e35b9a65fadd3872b9@StoreRouteToStartingPointThroughAStarSuccess
1681802800080@vehicle@0x196424dd2bf7c978228ebd7a17b38b993d650696@FinishedAStarToStartingPoint
1681802800196@vehicle@0x0cac0bfe17bd73be78486a51a15db39b10cbafcf@PassengerPaid
1681802800201@vehicle@0x0d5f26272be5a3b462c3b7a978c7bf4b0d6aadb1@DestinationReady
1681802800201@vehicle@0x12d0e4381ef94a70a49252e35b9a65fadd3872b9@DestinationReady
1681802800204@vehicle@0x0cac0bfe17bd73be78486a51a15db39b10cbafcf@CarReleased
1681802800866@vehicle@0x0d5f26272be5a3b462c3b7a978c7bf4b0d6aadb1@FinishedAStarToDestination
1681802800872@vehicle@0x12d0e4381ef94a70a49252e35b9a65fadd3872b9@FinishedAStarToDestination
1681802801838@vehicle@0x196424dd2bf7c978228ebd7a17b38b993d650696@StoreRouteToStartingPointThroughAStarSuccess
1681802804913@vehicle@0x3df2c7b1e2c3e8e5e40c6035f6a3a5bb8fdb6b87@PickUp@0x086ba65affc894f226e87f8d16f20a35d4f60b4d000000000000000000000000
1681802804917@vehicle@0x0d5f26272be5a3b462c3b7a978c7bf4b0d6aadb1@StoreRouteToDestinationSuccess
1681802804917@vehicle@0x12d0e4381ef94a70a49252e35b9a65fadd3872b9@StoreRouteToDestinationSuccess
1681802804917@vehicle@0x196424dd2bf7c978228ebd7a17b38b993d650696@DestinationReady
1681802805462@vehicle@0x3df2c7b1e2c3e8e5e40c6035f6a3a5bb8fdb6b87@FinishedAStarToStartingPoint
1681802805562@vehicle@0x196424dd2bf7c978228ebd7a17b38b993d650696@FinishedAStarToDestination
1681802806623@vehicle@0x0d5f26272be5a3b462c3b7a978c7bf4b0d6aadb1@PassengerPaid
1681802806624@vehicle@0x12d0e4381ef94a70a49252e35b9a65fadd3872b9@PassengerPaid
1681802806626@vehicle@0x0d5f26272be5a3b462c3b7a978c7bf4b0d6aadb1@CarReleased
1681802806627@vehicle@0x12d0e4381ef94a70a49252e35b9a65fadd3872b9@CarReleased
1681802810218@vehicle@0x0cac0bfe17bd73be78486a51a15db39b10cbafcf@PickUp@0x2702ee5633daab4d277f5660f1c29d3e5454f7b3000000000000000000000000
1681802810219@vehicle@0x196424dd2bf7c978228ebd7a17b38b993d650696@StoreRouteToDestinationSuccess
1681802810219@vehicle@0x3df2c7b1e2c3e8e5e40c6035f6a3a5bb8fdb6b87@StoreRouteToStartingPointThroughAStarSuccess
1681802810827@vehicle@0x0cac0bfe17bd73be78486a51a15db39b10cbafcf@FinishedAStarToStartingPoint
1681802815513@vehicle@0x0d5f26272be5a3b462c3b7a978c7bf4b0d6aadb1@PickUp@0xcb1d4560f811ae161002ffadc4c834ecd1fa82ba000000000000000000000000
1681802815521@vehicle@0x196424dd2bf7c978228ebd7a17b38b993d650696@PassengerPaid
1681802815524@vehicle@0x0cac0bfe17bd73be78486a51a15db39b10cbafcf@StoreRouteToStartingPointThroughAStarSuccess
1681802815525@vehicle@0x3df2c7b1e2c3e8e5e40c6035f6a3a5bb8fdb6b87@DestinationReady
1681802815527@vehicle@0x196424dd2bf7c978228ebd7a17b38b993d650696@CarReleased
1681802816125@vehicle@0x12d0e4381ef94a70a49252e35b9a65fadd3872b9@PickUp@0x7a594ef9f871e4ef17c8d659aa58b3b09e090cf3000000000000000000000000
1681802816128@vehicle@0x0cac0bfe17bd73be78486a51a15db39b10cbafcf@DestinationReady
1681802816186@vehicle@0x0d5f26272be5a3b462c3b7a978c7bf4b0d6aadb1@FinishedAStarToStartingPoint
1681802816289@vehicle@0x3df2c7b1e2c3e8e5e40c6035f6a3a5bb8fdb6b87@FinishedAStarToDestination
1681802816762@vehicle@0x12d0e4381ef94a70a49252e35b9a65fadd3872b9@FinishedAStarToStartingPoint
1681802816811@vehicle@0x0cac0bfe17bd73be78486a51a15db39b10cbafcf@FinishedAStarToDestination
1681802819343@vehicle@0x196424dd2bf7c978228ebd7a17b38b993d650696@PickUp@0xb2e192f38247113c0a695a4da975771bfd32d68e000000000000000000000000
1681802819345@vehicle@0x0d5f26272be5a3b462c3b7a978c7bf4b0d6aadb1@StoreRouteToStartingPointThroughAStarSuccess
1681802819345@vehicle@0x3df2c7b1e2c3e8e5e40c6035f6a3a5bb8fdb6b87@StoreRouteToDestinationSuccess
1681802819345@vehicle@0x12d0e4381ef94a70a49252e35b9a65fadd3872b9@StoreRouteToStartingPointThroughAStarSuccess
1681802819355@vehicle@0x0cac0bfe17bd73be78486a51a15db39b10cbafcf@StoreRouteToDestinationSuccess
1681802819915@vehicle@0x196424dd2bf7c978228ebd7a17b38b993d650696@FinishedAStarToStartingPoint
1681802822527@vehicle@0x0cac0bfe17bd73be78486a51a15db39b10cbafcf@PassengerPaid
1681802822528@vehicle@0x3df2c7b1e2c3e8e5e40c6035f6a3a5bb8fdb6b87@PassengerPaid
1681802822531@vehicle@0x42389309e69a2b32b98f04bc8255ad971797f757@PickUp@0xe3cfc7fd117fa5762bfb5390acbdf48557a18ac2000000000000000000000000
1681802822538@vehicle@0x196424dd2bf7c978228ebd7a17b38b993d650696@StoreRouteToStartingPointThroughAStarSuccess
1681802822538@vehicle@0x12d0e4381ef94a70a49252e35b9a65fadd3872b9@DestinationReady
1681802822538@vehicle@0x0d5f26272be5a3b462c3b7a978c7bf4b0d6aadb1@DestinationReady
1681802822549@vehicle@0x3df2c7b1e2c3e8e5e40c6035f6a3a5bb8fdb6b87@CarReleased
1681802822551@vehicle@0x0cac0bfe17bd73be78486a51a15db39b10cbafcf@CarReleased
1681802823147@vehicle@0x42389309e69a2b32b98f04bc8255ad971797f757@FinishedAStarToStartingPoint
1681802823236@vehicle@0x0d5f26272be5a3b462c3b7a978c7bf4b0d6aadb1@FinishedAStarToDestination
1681802823241@vehicle@0x12d0e4381ef94a70a49252e35b9a65fadd3872b9@FinishedAStarToDestination
1681802828933@vehicle@0x456c4df0610c7611ae8bcaed32dd1d94e88ceca4@PickUp@0x926f155822d00a9191fe71ec570bcd1f0eb0c300000000000000000000000000
1681802828947@vehicle@0x0d5f26272be5a3b462c3b7a978c7bf4b0d6aadb1@StoreRouteToDestinationSuccess
1681802828948@vehicle@0x42389309e69a2b32b98f04bc8255ad971797f757@StoreRouteToStartingPointThroughAStarSuccess
1681802828948@vehicle@0x196424dd2bf7c978228ebd7a17b38b993d650696@DestinationReady
1681802828949@vehicle@0x12d0e4381ef94a70a49252e35b9a65fadd3872b9@StoreRouteToDestinationSuccess
1681802829334@vehicle@0x456c4df0610c7611ae8bcaed32dd1d94e88ceca4@FinishedAStarToStartingPoint
1681802829675@vehicle@0x196424dd2bf7c978228ebd7a17b38b993d650696@FinishedAStarToDestination
1681802830546@vehicle@0x12d0e4381ef94a70a49252e35b9a65fadd3872b9@PassengerPaid
1681802830549@vehicle@0x0cac0bfe17bd73be78486a51a15db39b10cbafcf@PickUp@0x2888bd343cbbc9cb5469c7a3c52d51dff4350d97000000000000000000000000
1681802830550@vehicle@0x196424dd2bf7c978228ebd7a17b38b993d650696@StoreRouteToDestinationSuccess
1681802830551@vehicle@0x456c4df0610c7611ae8bcaed32dd1d94e88ceca4@StoreRouteToStartingPointThroughAStarSuccess
1681802830551@vehicle@0x0d5f26272be5a3b462c3b7a978c7bf4b0d6aadb1@PassengerPaid
1681802830554@vehicle@0x42389309e69a2b32b98f04bc8255ad971797f757@DestinationReady
1681802830563@vehicle@0x12d0e4381ef94a70a49252e35b9a65fadd3872b9@CarReleased
1681802830563@vehicle@0x0d5f26272be5a3b462c3b7a978c7bf4b0d6aadb1@CarReleased
1681802831179@vehicle@0x0cac0bfe17bd73be78486a51a15db39b10cbafcf@FinishedAStarToStartingPoint
1681802831236@vehicle@0x42389309e69a2b32b98f04bc8255ad971797f757@FinishedAStarToDestination
1681802838493@vehicle@0x3df2c7b1e2c3e8e5e40c6035f6a3a5bb8fdb6b87@PickUp@0x54dd0a733e1c1ae9ea5ddab64c5f3922daec1ddf000000000000000000000000
1681802838502@vehicle@0x42389309e69a2b32b98f04bc8255ad971797f757@StoreRouteToDestinationSuccess
1681802838502@vehicle@0x0cac0bfe17bd73be78486a51a15db39b10cbafcf@StoreRouteToStartingPointThroughAStarSuccess
1681802838503@vehicle@0x196424dd2bf7c978228ebd7a17b38b993d650696@PassengerPaid
1681802838506@vehicle@0x456c4df0610c7611ae8bcaed32dd1d94e88ceca4@DestinationReady
1681802838514@vehicle@0x196424dd2bf7c978228ebd7a17b38b993d650696@CarReleased
1681802839120@vehicle@0x3df2c7b1e2c3e8e5e40c6035f6a3a5bb8fdb6b87@FinishedAStarToStartingPoint
1681802839219@vehicle@0x456c4df0610c7611ae8bcaed32dd1d94e88ceca4@FinishedAStarToDestination
1681802839630@vehicle@0x42389309e69a2b32b98f04bc8255ad971797f757@PassengerPaid
1681802839632@vehicle@0x0d5f26272be5a3b462c3b7a978c7bf4b0d6aadb1@PickUp@0xcd924d3e8e043bb9579a4033ab08f8c1404840f0000000000000000000000000
1681802839638@vehicle@0x0cac0bfe17bd73be78486a51a15db39b10cbafcf@DestinationReady
1681802839662@vehicle@0x42389309e69a2b32b98f04bc8255ad971797f757@CarReleased
1681802840186@vehicle@0x456c4df0610c7611ae8bcaed32dd1d94e88ceca4@StoreRouteToDestinationSuccess
1681802840186@vehicle@0x3df2c7b1e2c3e8e5e40c6035f6a3a5bb8fdb6b87@StoreRouteToStartingPointThroughAStarSuccess
1681802840243@vehicle@0x0d5f26272be5a3b462c3b7a978c7bf4b0d6aadb1@FinishedAStarToStartingPoint
1681802840386@vehicle@0x0cac0bfe17bd73be78486a51a15db39b10cbafcf@FinishedAStarToDestination
1681802840501@vehicle@0x12d0e4381ef94a70a49252e35b9a65fadd3872b9@PickUp@0x2a52bc09f527f500c7fc62c63f681d24dad62a77000000000000000000000000
1681802841021@vehicle@0x12d0e4381ef94a70a49252e35b9a65fadd3872b9@FinishedAStarToStartingPoint
1681802843315@vehicle@0x196424dd2bf7c978228ebd7a17b38b993d650696@PickUp@0xb658cbd857f52f9705fbecf9b30cf827dd8c81a8000000000000000000000000
1681802843316@vehicle@0x456c4df0610c7611ae8bcaed32dd1d94e88ceca4@PassengerPaid
1681802843321@vehicle@0x0cac0bfe17bd73be78486a51a15db39b10cbafcf@StoreRouteToDestinationSuccess
1681802843321@vehicle@0x12d0e4381ef94a70a49252e35b9a65fadd3872b9@StoreRouteToStartingPointThroughAStarSuccess
1681802843321@vehicle@0x0d5f26272be5a3b462c3b7a978c7bf4b0d6aadb1@StoreRouteToStartingPointThroughAStarSuccess
1681802843322@vehicle@0x3df2c7b1e2c3e8e5e40c6035f6a3a5bb8fdb6b87@DestinationReady
1681802843325@vehicle@0x456c4df0610c7611ae8bcaed32dd1d94e88ceca4@CarReleased
1681802843895@vehicle@0x196424dd2bf7c978228ebd7a17b38b993d650696@FinishedAStarToStartingPoint
1681802843988@vehicle@0x3df2c7b1e2c3e8e5e40c6035f6a3a5bb8fdb6b87@FinishedAStarToDestination
1681802846981@vehicle@0x42389309e69a2b32b98f04bc8255ad971797f757@PickUp@0xce2897c392e16c5762131a56686733e035a4aa30000000000000000000000000
1681802846992@vehicle@0x0cac0bfe17bd73be78486a51a15db39b10cbafcf@PassengerPaid
1681802846995@vehicle@0x3df2c7b1e2c3e8e5e40c6035f6a3a5bb8fdb6b87@StoreRouteToDestinationSuccess
1681802846996@vehicle@0x196424dd2bf7c978228ebd7a17b38b993d650696@StoreRouteToStartingPointThroughAStarSuccess
1681802846997@vehicle@0x0d5f26272be5a3b462c3b7a978c7bf4b0d6aadb1@DestinationReady
1681802846999@vehicle@0x12d0e4381ef94a70a49252e35b9a65fadd3872b9@DestinationReady
1681802847018@vehicle@0x0cac0bfe17bd73be78486a51a15db39b10cbafcf@CarReleased
1681802847690@vehicle@0x42389309e69a2b32b98f04bc8255ad971797f757@FinishedAStarToStartingPoint
1681802847767@vehicle@0x12d0e4381ef94a70a49252e35b9a65fadd3872b9@FinishedAStarToDestination
1681802847838@vehicle@0x0d5f26272be5a3b462c3b7a978c7bf4b0d6aadb1@FinishedAStarToDestination
1681802852186@vehicle@0x0d5f26272be5a3b462c3b7a978c7bf4b0d6aadb1@StoreRouteToDestinationSuccess
1681802852186@vehicle@0x42389309e69a2b32b98f04bc8255ad971797f757@StoreRouteToStartingPointThroughAStarSuccess
1681802852186@vehicle@0x12d0e4381ef94a70a49252e35b9a65fadd3872b9@StoreRouteToDestinationSuccess
1681802852192@vehicle@0x456c4df0610c7611ae8bcaed32dd1d94e88ceca4@PickUp@0x7776ed3449f97157630b06035e11bc7759e4f0db000000000000000000000000
1681802852203@vehicle@0x3df2c7b1e2c3e8e5e40c6035f6a3a5bb8fdb6b87@PassengerPaid
1681802852220@vehicle@0x196424dd2bf7c978228ebd7a17b38b993d650696@DestinationReady
1681802852236@vehicle@0x3df2c7b1e2c3e8e5e40c6035f6a3a5bb8fdb6b87@CarReleased
1681802852830@vehicle@0x456c4df0610c7611ae8bcaed32dd1d94e88ceca4@FinishedAStarToStartingPoint
1681802852928@vehicle@0x196424dd2bf7c978228ebd7a17b38b993d650696@FinishedAStarToDestination
1681802855281@vehicle@0x0cac0bfe17bd73be78486a51a15db39b10cbafcf@PickUp@0xf85378de486a9514f26f3118450ff6409aaf2bfb000000000000000000000000
1681802855282@vehicle@0x0d5f26272be5a3b462c3b7a978c7bf4b0d6aadb1@PassengerPaid
1681802855293@vehicle@0x12d0e4381ef94a70a49252e35b9a65fadd3872b9@PassengerPaid
1681802855296@vehicle@0x196424dd2bf7c978228ebd7a17b38b993d650696@StoreRouteToDestinationSuccess
1681802855296@vehicle@0x456c4df0610c7611ae8bcaed32dd1d94e88ceca4@StoreRouteToStartingPointThroughAStarSuccess
1681802855296@vehicle@0x42389309e69a2b32b98f04bc8255ad971797f757@DestinationReady
1681802855301@vehicle@0x12d0e4381ef94a70a49252e35b9a65fadd3872b9@CarReleased
1681802855302@vehicle@0x0d5f26272be5a3b462c3b7a978c7bf4b0d6aadb1@CarReleased
1681802855862@vehicle@0x0cac0bfe17bd73be78486a51a15db39b10cbafcf@FinishedAStarToStartingPoint
1681802855943@vehicle@0x42389309e69a2b32b98f04bc8255ad971797f757@FinishedAStarToDestination
1681802856788@vehicle@0x196424dd2bf7c978228ebd7a17b38b993d650696@PassengerPaid
1681802856791@vehicle@0x3df2c7b1e2c3e8e5e40c6035f6a3a5bb8fdb6b87@PickUp@0x3c28dc70332560ed17d1002704780df9df497abb000000000000000000000000
1681802856793@vehicle@0x0cac0bfe17bd73be78486a51a15db39b10cbafcf@StoreRouteToStartingPointThroughAStarSuccess
1681802856795@vehicle@0x42389309e69a2b32b98f04bc8255ad971797f757@StoreRouteToDestinationSuccess
1681802856795@vehicle@0x456c4df0610c7611ae8bcaed32dd1d94e88ceca4@DestinationReady
1681802856797@vehicle@0x196424dd2bf7c978228ebd7a17b38b993d650696@CarReleased
1681802857328@vehicle@0x3df2c7b1e2c3e8e5e40c6035f6a3a5bb8fdb6b87@FinishedAStarToStartingPoint
1681802857401@vehicle@0x456c4df0610c7611ae8bcaed32dd1d94e88ceca4@FinishedAStarToDestination
1681802859360@vehicle@0x42389309e69a2b32b98f04bc8255ad971797f757@PassengerPaid
1681802859361@vehicle@0x0d5f26272be5a3b462c3b7a978c7bf4b0d6aadb1@PickUp@0xeef75753e18f97f0ee8a61119d84cdba23d22a7f000000000000000000000000
1681802859365@vehicle@0x456c4df0610c7611ae8bcaed32dd1d94e88ceca4@StoreRouteToDestinationSuccess
1681802859365@vehicle@0x3df2c7b1e2c3e8e5e40c6035f6a3a5bb8fdb6b87@StoreRouteToStartingPointThroughAStarSuccess
1681802859365@vehicle@0x0cac0bfe17bd73be78486a51a15db39b10cbafcf@DestinationReady
1681802859366@vehicle@0x42389309e69a2b32b98f04bc8255ad971797f757@CarReleased
1681802859933@vehicle@0x0d5f26272be5a3b462c3b7a978c7bf4b0d6aadb1@FinishedAStarToStartingPoint
1681802860043@vehicle@0x0cac0bfe17bd73be78486a51a15db39b10cbafcf@FinishedAStarToDestination
1681802865682@vehicle@0x456c4df0610c7611ae8bcaed32dd1d94e88ceca4@PassengerPaid
1681802865684@vehicle@0x12d0e4381ef94a70a49252e35b9a65fadd3872b9@PickUp@0xd93f7bbe87e0986efca3dedc91880635a0f355d9000000000000000000000000
1681802865687@vehicle@0x0d5f26272be5a3b462c3b7a978c7bf4b0d6aadb1@StoreRouteToStartingPointThroughAStarSuccess
1681802865687@vehicle@0x0cac0bfe17bd73be78486a51a15db39b10cbafcf@StoreRouteToDestinationSuccess
1681802865687@vehicle@0x3df2c7b1e2c3e8e5e40c6035f6a3a5bb8fdb6b87@DestinationReady
1681802865690@vehicle@0x456c4df0610c7611ae8bcaed32dd1d94e88ceca4@CarReleased
1681802866257@vehicle@0x12d0e4381ef94a70a49252e35b9a65fadd3872b9@FinishedAStarToStartingPoint
1681802866330@vehicle@0x3df2c7b1e2c3e8e5e40c6035f6a3a5bb8fdb6b87@FinishedAStarToDestination
1681802868735@vehicle@0x0cac0bfe17bd73be78486a51a15db39b10cbafcf@PassengerPaid
1681802868738@vehicle@0x0d5f26272be5a3b462c3b7a978c7bf4b0d6aadb1@DestinationReady
1681802868739@vehicle@0x0cac0bfe17bd73be78486a51a15db39b10cbafcf@CarReleased
1681802869086@vehicle@0x3df2c7b1e2c3e8e5e40c6035f6a3a5bb8fdb6b87@StoreRouteToDestinationSuccess
1681802869087@vehicle@0x12d0e4381ef94a70a49252e35b9a65fadd3872b9@StoreRouteToStartingPointThroughAStarSuccess
1681802869382@vehicle@0x0d5f26272be5a3b462c3b7a978c7bf4b0d6aadb1@FinishedAStarToDestination
1681802871539@vehicle@0x196424dd2bf7c978228ebd7a17b38b993d650696@PickUp@0xa95e44270fc15576da490955d8e6698e2a95f610000000000000000000000000
1681802872063@vehicle@0x196424dd2bf7c978228ebd7a17b38b993d650696@FinishedAStarToStartingPoint
1681802874170@vehicle@0x3df2c7b1e2c3e8e5e40c6035f6a3a5bb8fdb6b87@PassengerPaid
1681802874176@vehicle@0x0d5f26272be5a3b462c3b7a978c7bf4b0d6aadb1@StoreRouteToDestinationSuccess
1681802874176@vehicle@0x12d0e4381ef94a70a49252e35b9a65fadd3872b9@DestinationReady
1681802874192@vehicle@0x3df2c7b1e2c3e8e5e40c6035f6a3a5bb8fdb6b87@CarReleased
1681802874400@vehicle@0x0cac0bfe17bd73be78486a51a15db39b10cbafcf@PickUp@0x5895ef03d8c36b9a53b4f961cd1345ed0bd79fa3000000000000000000000000
1681802874404@vehicle@0x196424dd2bf7c978228ebd7a17b38b993d650696@StoreRouteToStartingPointThroughAStarSuccess
1681802874828@vehicle@0x12d0e4381ef94a70a49252e35b9a65fadd3872b9@FinishedAStarToDestination
1681802874989@vehicle@0x0cac0bfe17bd73be78486a51a15db39b10cbafcf@FinishedAStarToStartingPoint
1681802875266@vehicle@0x0d5f26272be5a3b462c3b7a978c7bf4b0d6aadb1@PassengerPaid
1681802875272@vehicle@0x0d5f26272be5a3b462c3b7a978c7bf4b0d6aadb1@CarReleased
1681802878796@vehicle@0x3df2c7b1e2c3e8e5e40c6035f6a3a5bb8fdb6b87@PickUp@0x17164c34807aa124363d80a604efd4560d8cea0e000000000000000000000000
1681802878799@vehicle@0x0cac0bfe17bd73be78486a51a15db39b10cbafcf@StoreRouteToStartingPointThroughAStarSuccess
1681802878799@vehicle@0x12d0e4381ef94a70a49252e35b9a65fadd3872b9@StoreRouteToDestinationSuccess
1681802878800@vehicle@0x196424dd2bf7c978228ebd7a17b38b993d650696@DestinationReady
1681802879351@vehicle@0x3df2c7b1e2c3e8e5e40c6035f6a3a5bb8fdb6b87@FinishedAStarToStartingPoint
1681802879439@vehicle@0x196424dd2bf7c978228ebd7a17b38b993d650696@FinishedAStarToDestination
1681802884301@vehicle@0x12d0e4381ef94a70a49252e35b9a65fadd3872b9@PassengerPaid
1681802884302@vehicle@0x0d5f26272be5a3b462c3b7a978c7bf4b0d6aadb1@PickUp@0x2a772e261792d208c40d685b31673a85ad18eb90000000000000000000000000
1681802884303@vehicle@0x196424dd2bf7c978228ebd7a17b38b993d650696@StoreRouteToDestinationSuccess
1681802884304@vehicle@0x3df2c7b1e2c3e8e5e40c6035f6a3a5bb8fdb6b87@StoreRouteToStartingPointThroughAStarSuccess
1681802884305@vehicle@0x0cac0bfe17bd73be78486a51a15db39b10cbafcf@DestinationReady
1681802884307@vehicle@0x12d0e4381ef94a70a49252e35b9a65fadd3872b9@CarReleased
1681802884852@vehicle@0x0d5f26272be5a3b462c3b7a978c7bf4b0d6aadb1@FinishedAStarToStartingPoint
1681802884908@vehicle@0x0cac0bfe17bd73be78486a51a15db39b10cbafcf@FinishedAStarToDestination
1681802888651@vehicle@0x42389309e69a2b32b98f04bc8255ad971797f757@PickUp@0xa330923b96f26c88a2681112bfe26d4d9186131a000000000000000000000000
1681802888653@vehicle@0x196424dd2bf7c978228ebd7a17b38b993d650696@PassengerPaid
1681802888655@vehicle@0x0cac0bfe17bd73be78486a51a15db39b10cbafcf@StoreRouteToDestinationSuccess
1681802888656@vehicle@0x0d5f26272be5a3b462c3b7a978c7bf4b0d6aadb1@StoreRouteToStartingPointThroughAStarSuccess
1681802888656@vehicle@0x3df2c7b1e2c3e8e5e40c6035f6a3a5bb8fdb6b87@DestinationReady
1681802888657@vehicle@0x196424dd2bf7c978228ebd7a17b38b993d650696@CarReleased
1681802889220@vehicle@0x42389309e69a2b32b98f04bc8255ad971797f757@FinishedAStarToStartingPoint
1681802889310@vehicle@0x3df2c7b1e2c3e8e5e40c6035f6a3a5bb8fdb6b87@FinishedAStarToDestination
1681802890603@vehicle@0x0cac0bfe17bd73be78486a51a15db39b10cbafcf@PassengerPaid
1681802890605@vehicle@0x3df2c7b1e2c3e8e5e40c6035f6a3a5bb8fdb6b87@StoreRouteToDestinationSuccess
1681802890606@vehicle@0x42389309e69a2b32b98f04bc8255ad971797f757@StoreRouteToStartingPointThroughAStarSuccess
1681802890607@vehicle@0x12d0e4381ef94a70a49252e35b9a65fadd3872b9@PickUp@0x814d66fc3f60ca8b257b21f1b89faeecd31475af000000000000000000000000
1681802890608@vehicle@0x0d5f26272be5a3b462c3b7a978c7bf4b0d6aadb1@DestinationReady
1681802890616@vehicle@0x0cac0bfe17bd73be78486a51a15db39b10cbafcf@CarReleased
1681802891162@vehicle@0x12d0e4381ef94a70a49252e35b9a65fadd3872b9@FinishedAStarToStartingPoint
1681802891240@vehicle@0x0d5f26272be5a3b462c3b7a978c7bf4b0d6aadb1@FinishedAStarToDestination
1681802892533@vehicle@0x3df2c7b1e2c3e8e5e40c6035f6a3a5bb8fdb6b87@PassengerPaid
1681802892536@vehicle@0x196424dd2bf7c978228ebd7a17b38b993d650696@PickUp@0x781b6d4d069a201ca8dc1542684edffd1b79c025000000000000000000000000
1681802892537@vehicle@0x12d0e4381ef94a70a49252e35b9a65fadd3872b9@StoreRouteToStartingPointThroughAStarSuccess
1681802892537@vehicle@0x0d5f26272be5a3b462c3b7a978c7bf4b0d6aadb1@StoreRouteToDestinationSuccess
1681802892538@vehicle@0x42389309e69a2b32b98f04bc8255ad971797f757@DestinationReady
1681802892540@vehicle@0x3df2c7b1e2c3e8e5e40c6035f6a3a5bb8fdb6b87@CarReleased
1681802893076@vehicle@0x196424dd2bf7c978228ebd7a17b38b993d650696@FinishedAStarToStartingPoint
1681802893160@vehicle@0x42389309e69a2b32b98f04bc8255ad971797f757@FinishedAStarToDestination
1681802896360@vehicle@0x0d5f26272be5a3b462c3b7a978c7bf4b0d6aadb1@PassengerPaid
1681802896362@vehicle@0x42389309e69a2b32b98f04bc8255ad971797f757@StoreRouteToDestinationSuccess
1681802896362@vehicle@0x12d0e4381ef94a70a49252e35b9a65fadd3872b9@DestinationReady
1681802896362@vehicle@0x196424dd2bf7c978228ebd7a17b38b993d650696@StoreRouteToStartingPointThroughAStarSuccess
1681802896364@vehicle@0x0d5f26272be5a3b462c3b7a978c7bf4b0d6aadb1@CarReleased
1681802896968@vehicle@0x12d0e4381ef94a70a49252e35b9a65fadd3872b9@FinishedAStarToDestination
1681802898912@vehicle@0x42389309e69a2b32b98f04bc8255ad971797f757@PassengerPaid
1681802898913@vehicle@0x0cac0bfe17bd73be78486a51a15db39b10cbafcf@PickUp@0x441d24425b99411edd0ecf95501cb0db988e2f13000000000000000000000000
1681802898916@vehicle@0x12d0e4381ef94a70a49252e35b9a65fadd3872b9@StoreRouteToDestinationSuccess
1681802898916@vehicle@0x196424dd2bf7c978228ebd7a17b38b993d650696@DestinationReady
1681802898917@vehicle@0x42389309e69a2b32b98f04bc8255ad971797f757@CarReleased
1681802899453@vehicle@0x0cac0bfe17bd73be78486a51a15db39b10cbafcf@FinishedAStarToStartingPoint
1681802899567@vehicle@0x196424dd2bf7c978228ebd7a17b38b993d650696@FinishedAStarToDestination
1681802901394@vehicle@0x0d5f26272be5a3b462c3b7a978c7bf4b0d6aadb1@PickUp@0x0c05c7ae6e3a58c23e5d27fc1d121ed1aec0f738000000000000000000000000
1681802901399@vehicle@0x12d0e4381ef94a70a49252e35b9a65fadd3872b9@PassengerPaid
1681802901401@vehicle@0x0cac0bfe17bd73be78486a51a15db39b10cbafcf@StoreRouteToStartingPointThroughAStarSuccess
1681802901401@vehicle@0x196424dd2bf7c978228ebd7a17b38b993d650696@StoreRouteToDestinationSuccess
1681802901402@vehicle@0x12d0e4381ef94a70a49252e35b9a65fadd3872b9@CarReleased
1681802901908@vehicle@0x0d5f26272be5a3b462c3b7a978c7bf4b0d6aadb1@FinishedAStarToStartingPoint
1681802904140@vehicle@0x196424dd2bf7c978228ebd7a17b38b993d650696@PassengerPaid
1681802904143@vehicle@0x0d5f26272be5a3b462c3b7a978c7bf4b0d6aadb1@StoreRouteToStartingPointThroughAStarSuccess
1681802904146@vehicle@0x0cac0bfe17bd73be78486a51a15db39b10cbafcf@DestinationReady
1681802904146@vehicle@0x196424dd2bf7c978228ebd7a17b38b993d650696@CarReleased
1681802904760@vehicle@0x0cac0bfe17bd73be78486a51a15db39b10cbafcf@FinishedAStarToDestination
1681802908054@vehicle@0x0cac0bfe17bd73be78486a51a15db39b10cbafcf@StoreRouteToDestinationSuccess
1681802908054@vehicle@0x0d5f26272be5a3b462c3b7a978c7bf4b0d6aadb1@DestinationReady
1681802908282@vehicle@0x12d0e4381ef94a70a49252e35b9a65fadd3872b9@PickUp@0x495b77d80ccb1d3d1476db06dd522292555b2e23000000000000000000000000
1681802908696@vehicle@0x0d5f26272be5a3b462c3b7a978c7bf4b0d6aadb1@FinishedAStarToDestination
1681802908840@vehicle@0x12d0e4381ef94a70a49252e35b9a65fadd3872b9@FinishedAStarToStartingPoint
1681802909708@vehicle@0x0cac0bfe17bd73be78486a51a15db39b10cbafcf@PassengerPaid
1681802909712@vehicle@0x0cac0bfe17bd73be78486a51a15db39b10cbafcf@CarReleased
1681802910669@vehicle@0x0d5f26272be5a3b462c3b7a978c7bf4b0d6aadb1@StoreRouteToDestinationSuccess
1681802910669@vehicle@0x12d0e4381ef94a70a49252e35b9a65fadd3872b9@StoreRouteToStartingPointThroughAStarSuccess
1681802917388@vehicle@0x0d5f26272be5a3b462c3b7a978c7bf4b0d6aadb1@PassengerPaid
1681802917390@vehicle@0x196424dd2bf7c978228ebd7a17b38b993d650696@PickUp@0xa97253e4fe217e80b5f2e995bd54904f63726719000000000000000000000000
1681802917393@vehicle@0x12d0e4381ef94a70a49252e35b9a65fadd3872b9@DestinationReady
1681802917395@vehicle@0x0d5f26272be5a3b462c3b7a978c7bf4b0d6aadb1@CarReleased
1681802917948@vehicle@0x196424dd2bf7c978228ebd7a17b38b993d650696@FinishedAStarToStartingPoint
1681802918036@vehicle@0x12d0e4381ef94a70a49252e35b9a65fadd3872b9@FinishedAStarToDestination
1681802920877@vehicle@0x12d0e4381ef94a70a49252e35b9a65fadd3872b9@StoreRouteToDestinationSuccess
1681802920877@vehicle@0x196424dd2bf7c978228ebd7a17b38b993d650696@StoreRouteToStartingPointThroughAStarSuccess
1681802930754@vehicle@0x0cac0bfe17bd73be78486a51a15db39b10cbafcf@PickUp@0x7b11919cd9db9a817c8f9d2e9477f410273a3ceb000000000000000000000000
1681802930756@vehicle@0x12d0e4381ef94a70a49252e35b9a65fadd3872b9@PassengerPaid
1681802930761@vehicle@0x196424dd2bf7c978228ebd7a17b38b993d650696@DestinationReady
1681802930761@vehicle@0x12d0e4381ef94a70a49252e35b9a65fadd3872b9@CarReleased
1681802931322@vehicle@0x0cac0bfe17bd73be78486a51a15db39b10cbafcf@FinishedAStarToStartingPoint
1681802931417@vehicle@0x196424dd2bf7c978228ebd7a17b38b993d650696@FinishedAStarToDestination
1681802935950@vehicle@0x196424dd2bf7c978228ebd7a17b38b993d650696@StoreRouteToDestinationSuccess
1681802935951@vehicle@0x0cac0bfe17bd73be78486a51a15db39b10cbafcf@StoreRouteToStartingPointThroughAStarSuccess
1681802948744@vehicle@0x196424dd2bf7c978228ebd7a17b38b993d650696@PassengerPaid
1681802948747@vehicle@0x0d5f26272be5a3b462c3b7a978c7bf4b0d6aadb1@PickUp@0x9edfe6721d18361bf2b6d83b5cc22c0bf4db6314000000000000000000000000
1681802948748@vehicle@0x0cac0bfe17bd73be78486a51a15db39b10cbafcf@DestinationReady
1681802948749@vehicle@0x196424dd2bf7c978228ebd7a17b38b993d650696@CarReleased
1681802949301@vehicle@0x0d5f26272be5a3b462c3b7a978c7bf4b0d6aadb1@FinishedAStarToStartingPoint
1681802949433@vehicle@0x0cac0bfe17bd73be78486a51a15db39b10cbafcf@FinishedAStarToDestination
1681802951771@vehicle@0x12d0e4381ef94a70a49252e35b9a65fadd3872b9@PickUp@0xbb9fdf370e08bb5dee6f39ea440de18f01cdb1c8000000000000000000000000
1681802951774@vehicle@0x0d5f26272be5a3b462c3b7a978c7bf4b0d6aadb1@StoreRouteToStartingPointThroughAStarSuccess
1681802951775@vehicle@0x0cac0bfe17bd73be78486a51a15db39b10cbafcf@StoreRouteToDestinationSuccess
1681802952324@vehicle@0x12d0e4381ef94a70a49252e35b9a65fadd3872b9@FinishedAStarToStartingPoint
1681802958164@vehicle@0x0cac0bfe17bd73be78486a51a15db39b10cbafcf@PassengerPaid
1681802958167@vehicle@0x0d5f26272be5a3b462c3b7a978c7bf4b0d6aadb1@DestinationReady
1681802958167@vehicle@0x12d0e4381ef94a70a49252e35b9a65fadd3872b9@StoreRouteToStartingPointThroughAStarSuccess
1681802958172@vehicle@0x0cac0bfe17bd73be78486a51a15db39b10cbafcf@CarReleased
1681802958466@vehicle@0x196424dd2bf7c978228ebd7a17b38b993d650696@PickUp@0xd30d093abb9d34fb14917d07121ed6a61cb1f99e000000000000000000000000
1681802958796@vehicle@0x0d5f26272be5a3b462c3b7a978c7bf4b0d6aadb1@FinishedAStarToDestination
1681802958854@vehicle@0x12d0e4381ef94a70a49252e35b9a65fadd3872b9@DestinationReady
1681802959041@vehicle@0x196424dd2bf7c978228ebd7a17b38b993d650696@FinishedAStarToStartingPoint
1681802959447@vehicle@0x12d0e4381ef94a70a49252e35b9a65fadd3872b9@FinishedAStarToDestination
1681802962037@vehicle@0x0cac0bfe17bd73be78486a51a15db39b10cbafcf@PickUp@0xf5493c66a2f85637127510a53b6cd0b067936b51000000000000000000000000
1681802962039@vehicle@0x0d5f26272be5a3b462c3b7a978c7bf4b0d6aadb1@StoreRouteToDestinationSuccess
1681802962039@vehicle@0x12d0e4381ef94a70a49252e35b9a65fadd3872b9@StoreRouteToDestinationSuccess
1681802962040@vehicle@0x196424dd2bf7c978228ebd7a17b38b993d650696@StoreRouteToStartingPointThroughAStarSuccess
1681802962580@vehicle@0x0cac0bfe17bd73be78486a51a15db39b10cbafcf@FinishedAStarToStartingPoint
1681802963273@vehicle@0x12d0e4381ef94a70a49252e35b9a65fadd3872b9@PassengerPaid
1681802963276@vehicle@0x0d5f26272be5a3b462c3b7a978c7bf4b0d6aadb1@PassengerPaid
1681802963279@vehicle@0x0cac0bfe17bd73be78486a51a15db39b10cbafcf@StoreRouteToStartingPointThroughAStarSuccess
1681802963280@vehicle@0x196424dd2bf7c978228ebd7a17b38b993d650696@DestinationReady
1681802963292@vehicle@0x12d0e4381ef94a70a49252e35b9a65fadd3872b9@CarReleased
1681802963292@vehicle@0x0d5f26272be5a3b462c3b7a978c7bf4b0d6aadb1@CarReleased
1681802963882@vehicle@0x196424dd2bf7c978228ebd7a17b38b993d650696@FinishedAStarToDestination
1681802969874@vehicle@0x0cac0bfe17bd73be78486a51a15db39b10cbafcf@DestinationReady
1681802969875@vehicle@0x196424dd2bf7c978228ebd7a17b38b993d650696@StoreRouteToDestinationSuccess
1681802970513@vehicle@0x0cac0bfe17bd73be78486a51a15db39b10cbafcf@FinishedAStarToDestination
1681802974478@vehicle@0x196424dd2bf7c978228ebd7a17b38b993d650696@PassengerPaid
1681802974481@vehicle@0x0cac0bfe17bd73be78486a51a15db39b10cbafcf@StoreRouteToDestinationSuccess
1681802974482@vehicle@0x196424dd2bf7c978228ebd7a17b38b993d650696@CarReleased
1681802980599@vehicle@0x0cac0bfe17bd73be78486a51a15db39b10cbafcf@PassengerPaid
1681802980602@vehicle@0x0cac0bfe17bd73be78486a51a15db39b10cbafcf@CarReleased
/home/endericedragon/taxi_experiment_20230417/taxi_experiment/vehicle.js:64
		if (event.returnValues.vehicleId.slice(0, 42) == vehicleId.toLowerCase()) {
		                       ^

TypeError: Cannot read properties of undefined (reading 'vehicleId')
    at Subscription.callback (/home/endericedragon/taxi_experiment_20230417/taxi_experiment/vehicle.js:64:26)
    at Object.callback (/home/endericedragon/taxi_experiment_20230417/taxi_experiment/node_modules/web3/node_modules/web3-core-subscriptions/lib/subscription.js:248:27)
    at /home/endericedragon/taxi_experiment_20230417/taxi_experiment/node_modules/web3/node_modules/web3-core-requestmanager/lib/index.js:108:34
    at Map.forEach (<anonymous>)
    at WebsocketProvider.disconnect (/home/endericedragon/taxi_experiment_20230417/taxi_experiment/node_modules/web3/node_modules/web3-core-requestmanager/lib/index.js:107:37)
    at WebsocketProvider.emit (/home/endericedragon/taxi_experiment_20230417/taxi_experiment/node_modules/web3/node_modules/eventemitter3/index.js:181:35)
    at WebsocketProvider._onClose (/home/endericedragon/taxi_experiment_20230417/taxi_experiment/node_modules/web3/node_modules/web3-providers-ws/lib/index.js:152:10)
    at W3CWebSocket._dispatchEvent [as dispatchEvent] (/home/endericedragon/taxi_experiment_20230417/taxi_experiment/node_modules/web3/node_modules/yaeti/lib/EventTarget.js:115:12)
    at W3CWebSocket.onClose (/home/endericedragon/taxi_experiment_20230417/taxi_experiment/node_modules/web3/node_modules/websocket/lib/W3CWebSocket.js:228:10)
    at WebSocketConnection.<anonymous> (/home/endericedragon/taxi_experiment_20230417/taxi_experiment/node_modules/web3/node_modules/websocket/lib/W3CWebSocket.js:201:17)
    at WebSocketConnection.emit (node:events:513:28)
    at WebSocketConnection.handleSocketClose (/home/endericedragon/taxi_experiment_20230417/taxi_experiment/node_modules/web3/node_modules/websocket/lib/WebSocketConnection.js:389:14)
    at Socket.emit (node:events:513:28)
    at TCP.<anonymous> (node:net:322:12)

Node.js v18.15.0
